2025-06-29 13:34:13,817 [INFO] MainUpdater:2872 - connection check result : 10
2025-06-29 13:34:13,828 [INFO] MainUpdater:2872 - connection check result : 10
2025-06-29 13:34:13,895 [INFO] MicroXplorer:468 - Change Database Path : 
2025-06-29 13:34:13,895 [INFO] MicroXplorer:498 - Change Database Version : DB.6.0.141
2025-06-29 13:34:13,969 [ERROR] ProjectManagerView:395 - 
java.lang.NullPointerException: Cannot invoke "javax.swing.JTextField.getText()" because the return value of "java.util.List.get(int)" is null
	at com.st.microxplorer.plugins.projectmanager.gui.ProjectChoiceTab$9.caretUpdate(ProjectChoiceTab.java:2678) ~[filemanager.jar:?]
	at javax.swing.text.JTextComponent.fireCaretUpdate(JTextComponent.java:408) ~[?:?]
	at javax.swing.text.JTextComponent$MutableCaretEvent.fire(JTextComponent.java:4484) ~[?:?]
	at javax.swing.text.JTextComponent$MutableCaretEvent.stateChanged(JTextComponent.java:4506) ~[?:?]
	at javax.swing.text.DefaultCaret.fireStateChanged(DefaultCaret.java:857) ~[?:?]
	at javax.swing.text.DefaultCaret.changeCaretPosition(DefaultCaret.java:1343) ~[?:?]
	at javax.swing.text.DefaultCaret.handleSetDot(DefaultCaret.java:1242) ~[?:?]
	at javax.swing.text.DefaultCaret.setDot(DefaultCaret.java:1223) ~[?:?]
	at javax.swing.text.DefaultCaret$Handler.insertUpdate(DefaultCaret.java:1819) ~[?:?]
	at javax.swing.text.AbstractDocument.fireInsertUpdate(AbstractDocument.java:227) ~[?:?]
	at javax.swing.text.AbstractDocument.handleInsertString(AbstractDocument.java:781) ~[?:?]
	at javax.swing.text.AbstractDocument.insertString(AbstractDocument.java:740) ~[?:?]
	at javax.swing.text.PlainDocument.insertString(PlainDocument.java:131) ~[?:?]
	at javax.swing.text.AbstractDocument.replace(AbstractDocument.java:699) ~[?:?]
	at javax.swing.text.JTextComponent.setText(JTextComponent.java:1725) ~[?:?]
	at com.st.microxplorer.plugins.projectmanager.gui.ProjectChoiceTab.createHeapStackFields(ProjectChoiceTab.java:979) ~[filemanager.jar:?]
	at com.st.microxplorer.plugins.projectmanager.gui.ProjectChoiceTab.buildLinkSettingsPanel(ProjectChoiceTab.java:3766) ~[filemanager.jar:?]
	at com.st.microxplorer.plugins.projectmanager.gui.ProjectChoiceTab.defineWindowsFields(ProjectChoiceTab.java:1962) ~[filemanager.jar:?]
	at com.st.microxplorer.plugins.projectmanager.gui.ProjectChoiceTab.updateSettings(ProjectChoiceTab.java:555) ~[filemanager.jar:?]
	at com.st.microxplorer.plugins.projectmanager.gui.ProjectSettingsPanel.UpdateDialog(ProjectSettingsPanel.java:245) ~[filemanager.jar:?]
	at com.st.microxplorer.plugins.projectmanager.ProjectManagerView.propertyChange(ProjectManagerView.java:392) ~[filemanager.jar:?]
	at java.beans.PropertyChangeSupport.fire(PropertyChangeSupport.java:343) ~[?:?]
	at java.beans.PropertyChangeSupport.firePropertyChange(PropertyChangeSupport.java:335) ~[?:?]
	at java.beans.PropertyChangeSupport.firePropertyChange(PropertyChangeSupport.java:268) ~[?:?]
	at com.st.microxplorer.util.MXPropertyChangeSupport.firePropertyChange(MXPropertyChangeSupport.java:54) ~[STM32CubeMX.jar:?]
	at com.st.microxplorer.mxsystem.MxSystem.closeConfig(MxSystem.java:899) ~[STM32CubeMX.jar:?]
	at com.st.microxplorer.maingui.MainPanel.closeConfig(MainPanel.java:789) ~[STM32CubeMX.jar:?]
	at com.st.microxplorer.plugins.filemanager.engine.OpenFileManager.loadConfigurationFile(OpenFileManager.java:287) ~[filemanager.jar:?]
	at com.st.microxplorer.plugins.filemanager.engine.MainFileManager.userLoadConfig(MainFileManager.java:341) ~[filemanager.jar:?]
	at com.st.microxplorer.plugins.filemanager.engine.MainFileManager.userLoadConfig(MainFileManager.java:319) ~[filemanager.jar:?]
	at com.st.microxplorer.plugins.filemanager.FileManagerView.getSpecificTask(FileManagerView.java:246) ~[filemanager.jar:?]
	at com.st.stm32cube.common.mx.editor.CubeMxEditor.getMxTabbedPaneInstance(CubeMxEditor.java:1198) ~[com.st.stm32cube.common.mx_6.14.1.202504091515/:?]
	at com.st.stm32cube.common.mx.editor.CubeMxEditor$12$1.createSwingComponent(CubeMxEditor.java:1068) ~[com.st.stm32cube.common.mx_6.14.1.202504091515/:?]
	at com.st.stm32cube.common.mx.oss.core.awtswtbridge.EmbeddedSwingComposite.doComponentCreation(EmbeddedSwingComposite.java:492) ~[com.st.stm32cube.common.mx.oss_6.14.1.202504091515/:?]
	at com.st.stm32cube.common.mx.oss.core.awtswtbridge.EmbeddedSwingComposite$4.run(EmbeddedSwingComposite.java:291) ~[com.st.stm32cube.common.mx.oss_6.14.1.202504091515/:?]
	at com.st.stm32cube.common.mx.oss.core.awtswtbridge.AwtEnvironment$2.run(AwtEnvironment.java:166) ~[com.st.stm32cube.common.mx.oss_6.14.1.202504091515/:?]
	at java.awt.event.InvocationEvent.dispatch(InvocationEvent.java:318) ~[?:?]
	at java.awt.EventQueue.dispatchEventImpl(EventQueue.java:773) ~[?:?]
	at java.awt.EventQueue$4.run(EventQueue.java:720) ~[?:?]
	at java.awt.EventQueue$4.run(EventQueue.java:714) ~[?:?]
	at java.security.AccessController.doPrivileged(AccessController.java:400) ~[?:?]
	at java.security.ProtectionDomain$JavaSecurityAccessImpl.doIntersectionPrivilege(ProtectionDomain.java:87) ~[?:?]
	at java.awt.EventQueue.dispatchEvent(EventQueue.java:742) ~[?:?]
	at java.awt.EventDispatchThread.pumpOneEventForFilters(EventDispatchThread.java:203) ~[?:?]
	at java.awt.EventDispatchThread.pumpEventsForFilter(EventDispatchThread.java:124) ~[?:?]
	at java.awt.EventDispatchThread.pumpEventsForHierarchy(EventDispatchThread.java:113) ~[?:?]
	at java.awt.EventDispatchThread.pumpEvents(EventDispatchThread.java:109) ~[?:?]
	at java.awt.EventDispatchThread.pumpEvents(EventDispatchThread.java:101) ~[?:?]
	at java.awt.EventDispatchThread.run(EventDispatchThread.java:90) ~[?:?]
2025-06-29 13:34:13,972 [WARN] ThirdParty:871 - waiting for thirdparty lock release [close project]
2025-06-29 13:34:13,972 [INFO] ThirdParty:873 - entering critical section [close project]
2025-06-29 13:34:13,972 [INFO] ThirdParty:883 - exiting critical section [close project]
2025-06-29 13:34:13,977 [INFO] PinOutPanel:1589 - setPackage(No Configuration,No Configuration)
2025-06-29 13:34:14,008 [WARN] IpParametersView:155 - Warning: This peripheral hasn't parameters
2025-06-29 13:34:14,023 [WARN] MainPanel:289 - <html><b><center>Warning: This peripheral has no parameters to be configured<br></b></html>
2025-06-29 13:34:14,033 [INFO] UtilMem:75 - Begin LoadConfig() Used Memory: 553129888 Bytes (677380096)
2025-06-29 13:34:14,034 [INFO] MicroXplorer:468 - Change Database Path : 
2025-06-29 13:34:14,035 [INFO] MicroXplorer:498 - Change Database Version : DB.6.0.141
2025-06-29 13:34:14,035 [INFO] OpenFileManager:354 - Change cursor
2025-06-29 13:34:14,075 [INFO] RulesReader:64 - Compatibility file has been processed (302 Rules)
2025-06-29 13:34:14,081 [INFO] Mcu:2011 - Initializing MCU STM32F411R(C-E)Tx STM32F411RETx STM32F411RET6
2025-06-29 13:34:15,045 [INFO] Context:756 - Trying to add GPIOservice into a context  which must be forbidden
2025-06-29 13:34:15,331 [INFO] ImportTextPane:218 - (OptionalMessage_ERROR) Pin33 (VP_RIF_VS_RIF1) cannot be retrieved for this MCU
2025-06-29 13:34:15,519 [INFO] RtosManager:558 - Registered RTOS mode: class=CMSIS, group=RTOS, mode=CMSIS_V1, owner=FREERTOS
2025-06-29 13:34:15,520 [INFO] RtosManager:558 - Registered RTOS mode: class=CMSIS, group=RTOS2, mode=CMSIS_V2, owner=FREERTOS
2025-06-29 13:34:15,520 [INFO] RtosManager:558 - Registered RTOS mode: class=RTOS, group=Core, mode=CMSIS_V1, owner=FREERTOS
2025-06-29 13:34:15,520 [INFO] RtosManager:558 - Registered RTOS mode: class=RTOS, group=Core, mode=CMSIS_V2, owner=FREERTOS
2025-06-29 13:34:15,520 [WARN] ModelIntegratedComponent:184 - Missing modes for component STMicroelectronics:FreeRTOS:0.0.1:STMicroelectronics:RTOS:FreeRTOS:Core:::10.2.0:
2025-06-29 13:34:15,525 [WARN] ModelIntegratedComponent:182 - Modes not found for component STMicroelectronics:USB_HOST:1.0.0:STMicroelectronics:USB::USB Host:Audio HS::1.0:USB_HOST_1_0_RESTRICTED_HS
2025-06-29 13:34:15,526 [WARN] ModelIntegratedComponent:188 - Modes not found for component STMicroelectronics:USB_HOST:1.0.0:STMicroelectronics:USB::USB Host:Audio HS::1.0:USB_HOST_1_0_RESTRICTED_HS
2025-06-29 13:34:15,526 [WARN] ModelIntegratedComponent:182 - Modes not found for component STMicroelectronics:USB_HOST:1.0.0:STMicroelectronics:USB::USB Host:CDC HS::1.0:USB_HOST_1_0_RESTRICTED_HS
2025-06-29 13:34:15,526 [WARN] ModelIntegratedComponent:188 - Modes not found for component STMicroelectronics:USB_HOST:1.0.0:STMicroelectronics:USB::USB Host:CDC HS::1.0:USB_HOST_1_0_RESTRICTED_HS
2025-06-29 13:34:15,526 [WARN] ModelIntegratedComponent:182 - Modes not found for component STMicroelectronics:USB_HOST:1.0.0:STMicroelectronics:USB::USB Host:MSC HS::1.0:USB_HOST_1_0_RESTRICTED_HS
2025-06-29 13:34:15,526 [WARN] ModelIntegratedComponent:188 - Modes not found for component STMicroelectronics:USB_HOST:1.0.0:STMicroelectronics:USB::USB Host:MSC HS::1.0:USB_HOST_1_0_RESTRICTED_HS
2025-06-29 13:34:15,526 [WARN] ModelIntegratedComponent:182 - Modes not found for component STMicroelectronics:USB_HOST:1.0.0:STMicroelectronics:USB::USB Host:HID HS::1.0:USB_HOST_1_0_RESTRICTED_HS
2025-06-29 13:34:15,526 [WARN] ModelIntegratedComponent:188 - Modes not found for component STMicroelectronics:USB_HOST:1.0.0:STMicroelectronics:USB::USB Host:HID HS::1.0:USB_HOST_1_0_RESTRICTED_HS
2025-06-29 13:34:15,526 [WARN] ModelIntegratedComponent:182 - Modes not found for component STMicroelectronics:USB_HOST:1.0.0:STMicroelectronics:USB::USB Host:MTP HS::1.0:USB_HOST_1_0_RESTRICTED_HS
2025-06-29 13:34:15,526 [WARN] ModelIntegratedComponent:188 - Modes not found for component STMicroelectronics:USB_HOST:1.0.0:STMicroelectronics:USB::USB Host:MTP HS::1.0:USB_HOST_1_0_RESTRICTED_HS
2025-06-29 13:34:15,532 [WARN] ModelIntegratedComponent:63 - No mode defined for component null
2025-06-29 13:34:15,532 [WARN] ModelIntegratedComponent:63 - No mode defined for component null
2025-06-29 13:34:15,532 [WARN] ModelIntegratedComponent:63 - No mode defined for component null
2025-06-29 13:34:15,532 [WARN] ModelIntegratedComponent:63 - No mode defined for component null
2025-06-29 13:34:15,532 [WARN] ModelIntegratedComponent:63 - No mode defined for component null
2025-06-29 13:34:15,532 [WARN] ModelIntegratedComponent:63 - No mode defined for component null
2025-06-29 13:34:15,532 [WARN] ModelIntegratedComponent:63 - No mode defined for component null
2025-06-29 13:34:15,533 [WARN] ModelIntegratedComponent:63 - No mode defined for component null
2025-06-29 13:34:15,533 [WARN] ModelIntegratedComponent:63 - No mode defined for component null
2025-06-29 13:34:15,533 [WARN] ModelIntegratedComponent:63 - No mode defined for component null
2025-06-29 13:34:15,533 [WARN] ModelIntegratedComponent:63 - No mode defined for component null
2025-06-29 13:34:15,533 [WARN] ModelIntegratedComponent:63 - No mode defined for component null
2025-06-29 13:34:15,533 [WARN] ModelIntegratedComponent:63 - No mode defined for component null
2025-06-29 13:34:15,533 [WARN] ModelIntegratedComponent:63 - No mode defined for component null
2025-06-29 13:34:15,533 [WARN] ModelIntegratedComponent:63 - No mode defined for component null
2025-06-29 13:34:15,533 [WARN] ModelIntegratedComponent:63 - No mode defined for component null
2025-06-29 13:34:15,533 [WARN] ModelIntegratedComponent:63 - No mode defined for component null
2025-06-29 13:34:15,533 [WARN] ModelIntegratedComponent:63 - No mode defined for component null
2025-06-29 13:34:15,533 [WARN] ModelIntegratedComponent:63 - No mode defined for component null
2025-06-29 13:34:15,533 [WARN] ModelIntegratedComponent:63 - No mode defined for component null
2025-06-29 13:34:15,533 [WARN] ModelIntegratedComponent:63 - No mode defined for component null
2025-06-29 13:34:15,533 [WARN] ModelIntegratedComponent:63 - No mode defined for component null
2025-06-29 13:34:15,533 [WARN] ModelIntegratedComponent:63 - No mode defined for component null
2025-06-29 13:34:15,533 [WARN] ModelIntegratedComponent:63 - No mode defined for component null
2025-06-29 13:34:15,533 [WARN] ModelIntegratedComponent:63 - No mode defined for component null
2025-06-29 13:34:15,533 [WARN] ModelIntegratedComponent:63 - No mode defined for component null
2025-06-29 13:34:15,533 [WARN] ModelIntegratedComponent:63 - No mode defined for component null
2025-06-29 13:34:15,533 [WARN] ModelIntegratedComponent:63 - No mode defined for component null
2025-06-29 13:34:15,533 [WARN] ModelIntegratedComponent:63 - No mode defined for component null
2025-06-29 13:34:15,534 [WARN] ModelIntegratedComponent:63 - No mode defined for component null
2025-06-29 13:34:15,534 [WARN] ModelIntegratedComponent:63 - No mode defined for component null
2025-06-29 13:34:15,534 [WARN] ModelIntegratedComponent:63 - No mode defined for component null
2025-06-29 13:34:15,534 [WARN] ModelIntegratedComponent:63 - No mode defined for component null
2025-06-29 13:34:15,534 [WARN] ModelIntegratedComponent:63 - No mode defined for component null
2025-06-29 13:34:15,534 [WARN] ModelIntegratedComponent:63 - No mode defined for component null
2025-06-29 13:34:15,534 [WARN] ModelPack:524 - Component already loaded: STMicroelectronics:HAL Drivers:0.0.0:STMicroelectronics:Device:STMicro_Driver:XSPI:HAL::0.0.1:HAL_XSPI
2025-06-29 13:34:15,607 [WARN] ModelIntegratedComponent:182 - Modes not found for component STMicroelectronics:USB_DEVICE:1.0.0:STMicroelectronics:USB::USB Device:Audio HS::1.0:USB_DEVICE_1_0_RESTRICTED_HS
2025-06-29 13:34:15,607 [WARN] ModelIntegratedComponent:188 - Modes not found for component STMicroelectronics:USB_DEVICE:1.0.0:STMicroelectronics:USB::USB Device:Audio HS::1.0:USB_DEVICE_1_0_RESTRICTED_HS
2025-06-29 13:34:15,607 [WARN] ModelIntegratedComponent:182 - Modes not found for component STMicroelectronics:USB_DEVICE:1.0.0:STMicroelectronics:USB::USB Device:CDC HS::1.0:USB_DEVICE_1_0_RESTRICTED_HS
2025-06-29 13:34:15,607 [WARN] ModelIntegratedComponent:188 - Modes not found for component STMicroelectronics:USB_DEVICE:1.0.0:STMicroelectronics:USB::USB Device:CDC HS::1.0:USB_DEVICE_1_0_RESTRICTED_HS
2025-06-29 13:34:15,607 [WARN] ModelIntegratedComponent:182 - Modes not found for component STMicroelectronics:USB_DEVICE:1.0.0:STMicroelectronics:USB::USB Device:DFU HS::1.0:USB_DEVICE_1_0_RESTRICTED_HS
2025-06-29 13:34:15,607 [WARN] ModelIntegratedComponent:188 - Modes not found for component STMicroelectronics:USB_DEVICE:1.0.0:STMicroelectronics:USB::USB Device:DFU HS::1.0:USB_DEVICE_1_0_RESTRICTED_HS
2025-06-29 13:34:15,607 [WARN] ModelIntegratedComponent:182 - Modes not found for component STMicroelectronics:USB_DEVICE:1.0.0:STMicroelectronics:USB::USB Device:HID HS::1.0:USB_DEVICE_1_0_RESTRICTED_HS
2025-06-29 13:34:15,608 [WARN] ModelIntegratedComponent:188 - Modes not found for component STMicroelectronics:USB_DEVICE:1.0.0:STMicroelectronics:USB::USB Device:HID HS::1.0:USB_DEVICE_1_0_RESTRICTED_HS
2025-06-29 13:34:15,608 [WARN] ModelIntegratedComponent:182 - Modes not found for component STMicroelectronics:USB_DEVICE:1.0.0:STMicroelectronics:USB::USB Device:Custom HID HS::1.0:USB_DEVICE_1_0_RESTRICTED_HS
2025-06-29 13:34:15,608 [WARN] ModelIntegratedComponent:188 - Modes not found for component STMicroelectronics:USB_DEVICE:1.0.0:STMicroelectronics:USB::USB Device:Custom HID HS::1.0:USB_DEVICE_1_0_RESTRICTED_HS
2025-06-29 13:34:15,608 [WARN] ModelIntegratedComponent:182 - Modes not found for component STMicroelectronics:USB_DEVICE:1.0.0:STMicroelectronics:USB::USB Device:MSC HS::1.0:USB_DEVICE_1_0_RESTRICTED_HS
2025-06-29 13:34:15,608 [WARN] ModelIntegratedComponent:188 - Modes not found for component STMicroelectronics:USB_DEVICE:1.0.0:STMicroelectronics:USB::USB Device:MSC HS::1.0:USB_DEVICE_1_0_RESTRICTED_HS
2025-06-29 13:34:15,620 [INFO] ThirdPartyModel:298 - Start build external matchings
2025-06-29 13:34:15,929 [INFO] ThirdPartyModel:316 - End build external matchings
2025-06-29 13:34:15,939 [INFO] ImportTextPane:218 - (OptionalMessage_ERROR) IP (RCC) : Parameter (48MHZClocksFreq_Value) has invalid value (50000000)
2025-06-29 13:34:15,940 [INFO] ImportTextPane:218 - (OptionalMessage_ERROR) IP (RCC) : Parameter (RTCHSEDivFreq_Value) has invalid value (4000000)
2025-06-29 13:34:16,142 [INFO] UtilMem:75 - End LoadConfig() Used Memory: 585235848 Bytes (677380096)
2025-06-29 13:34:16,180 [WARN] ThirdParty:833 - waiting for thirdparty lock release [change project]
2025-06-29 13:34:16,180 [INFO] ThirdParty:835 - entering critical section [change project]
2025-06-29 13:34:16,180 [INFO] ThirdParty:1030 - CMSIS Pack Vendor :STMicroelectronics X-CUBE-PM33A1 1.0.0
2025-06-29 13:34:16,180 [INFO] ThirdParty:1030 - CMSIS Pack Vendor :STMicroelectronics USBPD 4.1
2025-06-29 13:34:16,180 [INFO] ThirdParty:1030 - CMSIS Pack Vendor :STMicroelectronics X-CUBE-AZRTOS-H7 3.3.0
2025-06-29 13:34:16,180 [INFO] ThirdParty:1030 - CMSIS Pack Vendor :STMicroelectronics X-CUBE-NFC9 1.0.0
2025-06-29 13:34:16,180 [INFO] ThirdParty:1030 - CMSIS Pack Vendor :wolfSSL I-CUBE-wolfSSL 5.8.0
2025-06-29 13:34:16,180 [INFO] ThirdParty:1030 - CMSIS Pack Vendor :STMicroelectronics USB_HOST 2.0.0
2025-06-29 13:34:16,180 [INFO] ThirdParty:1030 - CMSIS Pack Vendor :STMicroelectronics FP-SNS-MOTENVWB1 1.4.0
2025-06-29 13:34:16,180 [INFO] ThirdParty:1030 - CMSIS Pack Vendor :STMicroelectronics X-CUBE-AZRTOS-F4 1.1.0
2025-06-29 13:34:16,180 [INFO] ThirdParty:1030 - CMSIS Pack Vendor :STMicroelectronics LIBJPEG 8.0.0
2025-06-29 13:34:16,180 [INFO] ThirdParty:1030 - CMSIS Pack Vendor :STMicroelectronics FP-ATR-ASTRA1 2.0.2
2025-06-29 13:34:16,180 [INFO] ThirdParty:1030 - CMSIS Pack Vendor :STMicroelectronics X-CUBE-BLE1 7.1.0
2025-06-29 13:34:16,180 [INFO] ThirdParty:1030 - CMSIS Pack Vendor :Avnet-IotConnect X-CUBE-IoTC-DA16k-PMOD 1.0.0
2025-06-29 13:34:16,181 [INFO] ThirdParty:1030 - CMSIS Pack Vendor :STMicroelectronics X-CUBE-SMBUS 2.1.0
2025-06-29 13:34:16,181 [INFO] ThirdParty:1030 - CMSIS Pack Vendor :wolfSSL I-CUBE-wolfMQTT 1.19.2
2025-06-29 13:34:16,181 [INFO] ThirdParty:1030 - CMSIS Pack Vendor :STMicroelectronics USB_DEVICE 3.0.0
2025-06-29 13:34:16,181 [INFO] ThirdParty:1030 - CMSIS Pack Vendor :STMicroelectronics X-CUBE-ISPU 2.1.0
2025-06-29 13:34:16,181 [INFO] ThirdParty:1030 - CMSIS Pack Vendor :STMicroelectronics X-CUBE-AZRTOS-WB 2.0.0
2025-06-29 13:34:16,181 [INFO] ThirdParty:1030 - CMSIS Pack Vendor :STMicroelectronics X-CUBE-ST60 1.0.0
2025-06-29 13:34:16,181 [INFO] ThirdParty:1030 - CMSIS Pack Vendor :STMicroelectronics X-CUBE-GNSS1 7.0.1
2025-06-29 13:34:16,181 [INFO] ThirdParty:1030 - CMSIS Pack Vendor :STMicroelectronics X-CUBE-AZRTOS-F7 1.1.0
2025-06-29 13:34:16,181 [INFO] ThirdParty:1030 - CMSIS Pack Vendor :STMicroelectronics X-CUBE-AZRTOS-L5 2.0.0
2025-06-29 13:34:16,181 [INFO] ThirdParty:1030 - CMSIS Pack Vendor :STMicroelectronics X-CUBE-TOUCHGFX 4.25.0
2025-06-29 13:34:16,181 [INFO] ThirdParty:1030 - CMSIS Pack Vendor :STMicroelectronics USB_DEVICE 2.0.0
2025-06-29 13:34:16,181 [INFO] ThirdParty:1030 - CMSIS Pack Vendor :STMicroelectronics X-CUBE-NFC6 3.1.0
2025-06-29 13:34:16,181 [INFO] ThirdParty:1030 - CMSIS Pack Vendor :STMicroelectronics X-CUBE-AI 10.1.0
2025-06-29 13:34:16,181 [INFO] ThirdParty:1030 - CMSIS Pack Vendor :STMicroelectronics FP-SNS-STBOX1 2.0.0
2025-06-29 13:34:16,181 [INFO] ThirdParty:1030 - CMSIS Pack Vendor :STMicroelectronics X-CUBE-MEMS1 11.2.0
2025-06-29 13:34:16,181 [INFO] ThirdParty:1030 - CMSIS Pack Vendor :STMicroelectronics FreeRTOS 0.0.1
2025-06-29 13:34:16,181 [INFO] ThirdParty:1030 - CMSIS Pack Vendor :STMicroelectronics X-CUBE-AZRTOS-G0 1.1.0
2025-06-29 13:34:16,181 [INFO] ThirdParty:1030 - CMSIS Pack Vendor :STMicroelectronics X-CUBE-SAFEA1 1.2.2
2025-06-29 13:34:16,181 [INFO] ThirdParty:1030 - CMSIS Pack Vendor :STMicroelectronics X-CUBE-NFC4 3.0.0
2025-06-29 13:34:16,181 [INFO] ThirdParty:1030 - CMSIS Pack Vendor :STMicroelectronics X-CUBE-SUBG2 5.0.0
2025-06-29 13:34:16,181 [INFO] ThirdParty:1030 - CMSIS Pack Vendor :STMicroelectronics X-CUBE-AZRTOS-H7RS 1.1.0
2025-06-29 13:34:16,181 [INFO] ThirdParty:1030 - CMSIS Pack Vendor :STMicroelectronics STM32_WPAN 1.0.0
2025-06-29 13:34:16,181 [INFO] ThirdParty:1030 - CMSIS Pack Vendor :EmbeddedOffice I-CUBE-FS-RTOS 1.0.1
2025-06-29 13:34:16,181 [INFO] ThirdParty:1030 - CMSIS Pack Vendor :STMicroelectronics lwIP 2.0.3
2025-06-29 13:34:16,181 [INFO] ThirdParty:1030 - CMSIS Pack Vendor :Cesanta I-CUBE-Mongoose 7.13.0
2025-06-29 13:34:16,181 [INFO] ThirdParty:1030 - CMSIS Pack Vendor :STMicroelectronics USB_HOST 1.0.0
2025-06-29 13:34:16,182 [INFO] ThirdParty:1030 - CMSIS Pack Vendor :Infineon AIROC-Wi-Fi-Bluetooth-STM32 1.7.0
2025-06-29 13:34:16,182 [INFO] ThirdParty:1030 - CMSIS Pack Vendor :STMicroelectronics X-CUBE-AZRTOS-G4 2.0.0
2025-06-29 13:34:16,182 [INFO] ThirdParty:1030 - CMSIS Pack Vendor :STMicroelectronics X-CUBE-WB05N 2.0.0
2025-06-29 13:34:16,182 [INFO] ThirdParty:1030 - CMSIS Pack Vendor :STMicroelectronics PDM2PCM 3.1.0
2025-06-29 13:34:16,182 [INFO] ThirdParty:1030 - CMSIS Pack Vendor :STMicroelectronics PDM2PCM 3.3.0
2025-06-29 13:34:16,182 [INFO] ThirdParty:1030 - CMSIS Pack Vendor :wolfSSL I-CUBE-wolfTPM 3.8.0
2025-06-29 13:34:16,182 [INFO] ThirdParty:1030 - CMSIS Pack Vendor :STMicroelectronics X-CUBE-DISPLAY 3.0.0
2025-06-29 13:34:16,182 [INFO] ThirdParty:1030 - CMSIS Pack Vendor :wolfSSL I-CUBE-wolfSSH 1.4.20
2025-06-29 13:34:16,182 [INFO] ThirdParty:1030 - CMSIS Pack Vendor :STMicroelectronics X-CUBE-NFC7 2.0.0
2025-06-29 13:34:16,182 [INFO] ThirdParty:1030 - CMSIS Pack Vendor :STMicroelectronics X-CUBE-TCPP 4.2.0
2025-06-29 13:34:16,182 [INFO] ThirdParty:1030 - CMSIS Pack Vendor :RealThread X-CUBE-RT-Thread_Nano 4.1.1
2025-06-29 13:34:16,182 [INFO] ThirdParty:1030 - CMSIS Pack Vendor :STMicroelectronics FP-ATR-SIGFOX1 3.2.0
2025-06-29 13:34:16,182 [INFO] ThirdParty:1030 - CMSIS Pack Vendor :STMicroelectronics X-CUBE-NFC10 1.0.0
2025-06-29 13:34:16,182 [INFO] ThirdParty:1030 - CMSIS Pack Vendor :STMicroelectronics X-CUBE-BLEMGR 4.0.0
2025-06-29 13:34:16,182 [INFO] ThirdParty:1030 - CMSIS Pack Vendor :STMicroelectronics X-CUBE-EEPRMA1 5.1.0
2025-06-29 13:34:16,182 [INFO] ThirdParty:1030 - CMSIS Pack Vendor :STMicroelectronics X-CUBE-FREERTOS 1.3.1
2025-06-29 13:34:16,182 [INFO] ThirdParty:1030 - CMSIS Pack Vendor :STMicroelectronics HAL Drivers 0.0.0
2025-06-29 13:34:16,182 [INFO] ThirdParty:1030 - CMSIS Pack Vendor :STMicroelectronics MBEDTLS 2.16.2
2025-06-29 13:34:16,182 [INFO] ThirdParty:1030 - CMSIS Pack Vendor :STMicroelectronics X-CUBE-IPS 3.1.0
2025-06-29 13:34:16,182 [INFO] ThirdParty:1030 - CMSIS Pack Vendor :STMicroelectronics X-CUBE-ALS 1.0.2
2025-06-29 13:34:16,182 [INFO] ThirdParty:1030 - CMSIS Pack Vendor :emotas I-CUBE-CANOPEN 1.3.0
2025-06-29 13:34:16,182 [INFO] ThirdParty:1030 - CMSIS Pack Vendor :STMicroelectronics MBEDTLS 2.14.1
2025-06-29 13:34:16,182 [INFO] ThirdParty:1030 - CMSIS Pack Vendor :ITTIA_DB I-CUBE-ITTIADB 8.9.0
2025-06-29 13:34:16,182 [INFO] ThirdParty:1030 - CMSIS Pack Vendor :portGmbH I-Cube-SoM-uGOAL 1.1.0
2025-06-29 13:34:16,182 [INFO] ThirdParty:1030 - CMSIS Pack Vendor :quantropi X-CUBE-qispace-sdk-base 2.0.0
2025-06-29 13:34:16,182 [INFO] ThirdParty:1030 - CMSIS Pack Vendor :STMicroelectronics X-CUBE-AI 10.0.0
2025-06-29 13:34:16,182 [INFO] ThirdParty:1030 - CMSIS Pack Vendor :STMicroelectronics X-CUBE-ST67W61 1.0.0
2025-06-29 13:34:16,182 [INFO] ThirdParty:1030 - CMSIS Pack Vendor :STMicroelectronics FP-SNS-STAIOTCFT 1.0.0
2025-06-29 13:34:16,182 [INFO] ThirdParty:1030 - CMSIS Pack Vendor :STMicroelectronics ThreadX 1.0.0
2025-06-29 13:34:16,182 [INFO] ThirdParty:1030 - CMSIS Pack Vendor :STMicroelectronics FP-SNS-SMARTAG2 1.2.0
2025-06-29 13:34:16,182 [INFO] ThirdParty:1030 - CMSIS Pack Vendor :STMicroelectronics FP-SNS-FLIGHT1 5.1.0
2025-06-29 13:34:16,182 [INFO] ThirdParty:1030 - CMSIS Pack Vendor :STMicroelectronics X-CUBE-AZRTOS-WL 2.0.0
2025-06-29 13:34:16,183 [INFO] ThirdParty:1030 - CMSIS Pack Vendor :SEGGER I-CUBE-embOS 1.3.1
2025-06-29 13:34:16,183 [INFO] ThirdParty:1030 - CMSIS Pack Vendor :STMicroelectronics X-CUBE-ALGOBUILD 1.4.0
2025-06-29 13:34:16,183 [INFO] ThirdParty:1030 - CMSIS Pack Vendor :STMicroelectronics X-CUBE-DPower 1.3.0
2025-06-29 13:34:16,183 [INFO] ThirdParty:1030 - CMSIS Pack Vendor :STMicroelectronics X-CUBE-MEMS1 11.3.0
2025-06-29 13:34:16,183 [INFO] ThirdParty:1030 - CMSIS Pack Vendor :STMicroelectronics FP-SNS-MOTENV1 5.0.0
2025-06-29 13:34:16,183 [INFO] ThirdParty:1030 - CMSIS Pack Vendor :STMicroelectronics USB_DEVICE 1.0.0
2025-06-29 13:34:16,183 [INFO] ThirdParty:1030 - CMSIS Pack Vendor :STMicroelectronics X-CUBE-AZRTOS-L4 2.0.0
2025-06-29 13:34:16,183 [INFO] ThirdParty:1030 - CMSIS Pack Vendor :STMicroelectronics ThreadX 0.0.2
2025-06-29 13:34:16,183 [INFO] ThirdParty:1030 - CMSIS Pack Vendor :WES I-CUBE-Cesium 1.3.0
2025-06-29 13:34:16,183 [INFO] ThirdParty:1030 - CMSIS Pack Vendor :STMicroelectronics lwIP 2.1.2
2025-06-29 13:34:16,183 [INFO] ThirdParty:1030 - CMSIS Pack Vendor :STMicroelectronics X-CUBE-SFXS2LP1 4.0.0
2025-06-29 13:34:16,183 [INFO] ThirdParty:1030 - CMSIS Pack Vendor :STMicroelectronics X-CUBE-BLE2 3.3.0
2025-06-29 13:34:16,183 [INFO] ThirdParty:1030 - CMSIS Pack Vendor :STMicroelectronics X-CUBE-TOF1 3.4.3
2025-06-29 13:34:16,183 [INFO] ThirdParty:1030 - CMSIS Pack Vendor :STMicroelectronics PDM2PCM 3.2.0
2025-06-29 13:34:16,183 [INFO] ThirdParty:841 - exiting critical section [change project]
2025-06-29 13:34:16,428 [INFO] PinOutPanel:1589 - setPackage(No Configuration,No Configuration)
2025-06-29 13:34:16,429 [INFO] PinOutPanel:1589 - setPackage(STM32F411RETx,LQFP64)
2025-06-29 13:34:16,756 [INFO] UtilMem:75 - Before build in PCC Used Memory: 403753256 Bytes (677380096)
2025-06-29 13:34:16,964 [INFO] UtilMem:75 - After build in PCC Used Memory: 475512600 Bytes (677380096)
2025-06-29 13:34:16,986 [INFO] IPUIPlugin:80 - create IPUIPlugin
2025-06-29 13:34:16,986 [INFO] IPUIPlugin:80 - create IPUIPlugin
2025-06-29 13:34:16,986 [INFO] IPUIPlugin:80 - create IPUIPlugin
2025-06-29 13:34:16,986 [INFO] IPUIPlugin:80 - create IPUIPlugin
2025-06-29 13:34:16,986 [INFO] IPUIPlugin:80 - create IPUIPlugin
2025-06-29 13:34:16,986 [INFO] IPUIPlugin:80 - create IPUIPlugin
2025-06-29 13:34:16,986 [INFO] IPUIPlugin:80 - create IPUIPlugin
2025-06-29 13:34:16,986 [INFO] IPUIPlugin:80 - create IPUIPlugin
2025-06-29 13:34:16,986 [INFO] IPUIPlugin:80 - create IPUIPlugin
2025-06-29 13:34:16,987 [INFO] IPUIPlugin:80 - create IPUIPlugin
2025-06-29 13:34:16,987 [INFO] IPUIPlugin:80 - create IPUIPlugin
2025-06-29 13:34:16,987 [INFO] IPUIPlugin:80 - create IPUIPlugin
2025-06-29 13:34:16,987 [INFO] IPUIPlugin:80 - create IPUIPlugin
2025-06-29 13:34:16,987 [INFO] IPUIPlugin:80 - create IPUIPlugin
2025-06-29 13:34:16,987 [INFO] IPUIPlugin:80 - create IPUIPlugin
2025-06-29 13:34:16,987 [INFO] IPUIPlugin:80 - create IPUIPlugin
2025-06-29 13:34:16,987 [INFO] IPUIPlugin:80 - create IPUIPlugin
2025-06-29 13:34:16,987 [INFO] IPUIPlugin:80 - create IPUIPlugin
2025-06-29 13:34:16,987 [INFO] IPUIPlugin:80 - create IPUIPlugin
2025-06-29 13:34:16,987 [INFO] IPUIPlugin:80 - create IPUIPlugin
2025-06-29 13:34:16,987 [INFO] IPUIPlugin:80 - create IPUIPlugin
2025-06-29 13:34:16,988 [INFO] IPUIPlugin:80 - create IPUIPlugin
2025-06-29 13:34:16,988 [INFO] IPUIPlugin:80 - create IPUIPlugin
2025-06-29 13:34:16,988 [INFO] IPUIPlugin:80 - create IPUIPlugin
2025-06-29 13:34:16,988 [INFO] IPUIPlugin:80 - create IPUIPlugin
2025-06-29 13:34:16,988 [INFO] IPUIPlugin:80 - create IPUIPlugin
2025-06-29 13:34:16,988 [INFO] IPUIPlugin:80 - create IPUIPlugin
2025-06-29 13:34:16,988 [INFO] IPUIPlugin:80 - create IPUIPlugin
2025-06-29 13:34:16,988 [INFO] IPUIPlugin:80 - create IPUIPlugin
2025-06-29 13:34:16,989 [INFO] IPUIPlugin:80 - create IPUIPlugin
2025-06-29 13:34:16,989 [INFO] IPUIPlugin:80 - create IPUIPlugin
2025-06-29 13:34:16,989 [INFO] IPUIPlugin:80 - create IPUIPlugin
2025-06-29 13:34:16,989 [INFO] IPUIPlugin:80 - create IPUIPlugin
2025-06-29 13:34:16,989 [INFO] IPUIPlugin:80 - create IPUIPlugin
2025-06-29 13:34:16,989 [INFO] IPUIPlugin:80 - create IPUIPlugin
2025-06-29 13:34:16,989 [INFO] IPUIPlugin:80 - create IPUIPlugin
2025-06-29 13:34:16,989 [INFO] IPUIPlugin:80 - create IPUIPlugin
2025-06-29 13:34:16,990 [INFO] IPUIPlugin:80 - create IPUIPlugin
2025-06-29 13:34:16,990 [INFO] IPUIPlugin:80 - create IPUIPlugin
2025-06-29 13:34:16,990 [INFO] IPUIPlugin:80 - create IPUIPlugin
2025-06-29 13:34:16,990 [INFO] IPUIPlugin:80 - create IPUIPlugin
2025-06-29 13:34:16,990 [INFO] IPUIPlugin:80 - create IPUIPlugin
2025-06-29 13:34:16,990 [INFO] IPUIPlugin:80 - create IPUIPlugin
2025-06-29 13:34:16,997 [INFO] ApiDbMcu:508 - Load IP Config File for PDM2PCM
2025-06-29 13:34:17,000 [WARN] IP:2250 - I2C_Coeff_DF not found: check if there is a RefParameter without a condition.
2025-06-29 13:34:17,000 [WARN] IP:2250 - Analog_Filter not found: check if there is a RefParameter without a condition.
2025-06-29 13:34:17,043 [INFO] CADModel:165 - CPN selected for project levelSTM32F411RET6
2025-06-29 13:34:17,043 [INFO] CADModel:114 - Register for checkConnection events
2025-06-29 13:34:17,080 [INFO] OpenFileManager:385 - Restore cursor
2025-06-29 13:34:17,333 [WARN] IP:2250 - I2C_Coeff_DF not found: check if there is a RefParameter without a condition.
2025-06-29 13:34:17,333 [WARN] IP:2250 - Analog_Filter not found: check if there is a RefParameter without a condition.
2025-06-29 13:34:17,333 [WARN] IP:2250 - I2C_Coeff_DF not found: check if there is a RefParameter without a condition.
2025-06-29 13:34:17,333 [WARN] IP:2250 - Analog_Filter not found: check if there is a RefParameter without a condition.
2025-06-29 13:34:33,440 [WARN] IP:2250 - I2C_Coeff_DF not found: check if there is a RefParameter without a condition.
2025-06-29 13:34:33,440 [WARN] IP:2250 - Analog_Filter not found: check if there is a RefParameter without a condition.
2025-06-29 13:34:33,441 [WARN] IP:2250 - I2C_Coeff_DF not found: check if there is a RefParameter without a condition.
2025-06-29 13:34:33,441 [WARN] IP:2250 - Analog_Filter not found: check if there is a RefParameter without a condition.
2025-06-29 13:34:33,481 [WARN] IP:2250 - I2C_Coeff_DF not found: check if there is a RefParameter without a condition.
2025-06-29 13:34:33,482 [WARN] IP:2250 - Analog_Filter not found: check if there is a RefParameter without a condition.
2025-06-29 13:34:33,513 [WARN] IP:2250 - I2C_Coeff_DF not found: check if there is a RefParameter without a condition.
2025-06-29 13:34:33,514 [WARN] IP:2250 - Analog_Filter not found: check if there is a RefParameter without a condition.
2025-06-29 13:34:37,234 [INFO] UtilMem:75 - End SaveConfig() Used Memory: 572501160 Bytes (677380096)
2025-06-29 13:34:40,953 [INFO] UtilMem:75 - End SaveConfig() Used Memory: 273660480 Bytes (677380096)
2025-06-29 13:34:41,413 [INFO] BlockDiagram:2775 - set Specific Code input for plugin: NVIC
2025-06-29 13:34:41,414 [INFO] BlockDiagram:2775 - set Specific Code input for plugin: USART
2025-06-29 13:34:41,414 [INFO] BlockDiagram:2775 - set Specific Code input for plugin: TIM1_8
2025-06-29 13:34:41,414 [INFO] BlockDiagram:2775 - set Specific Code input for plugin: TIM1_8
2025-06-29 13:34:41,414 [INFO] BlockDiagram:2775 - set Specific Code input for plugin: TIM1_8
2025-06-29 13:34:41,414 [INFO] BlockDiagram:2775 - set Specific Code input for plugin: SYS
2025-06-29 13:34:41,414 [INFO] BlockDiagram:2775 - set Specific Code input for plugin: GPIO
2025-06-29 13:34:41,414 [INFO] BlockDiagram:2775 - set Specific Code input for plugin: RCC
2025-06-29 13:34:41,414 [INFO] BlockDiagram:2775 - set Specific Code input for plugin: I2C
2025-06-29 13:34:41,415 [INFO] CodeGenerator:882 - code generatio: config db path: C:\ST\STM32CubeIDE_1.18.1\STM32CubeIDE\plugins\com.st.stm32cube.common.mx_6.14.1.202504091515\\db\
2025-06-29 13:34:41,416 [WARN] IP:2250 - I2C_Coeff_DF not found: check if there is a RefParameter without a condition.
2025-06-29 13:34:41,416 [WARN] IP:2250 - Analog_Filter not found: check if there is a RefParameter without a condition.
2025-06-29 13:34:41,620 [INFO] CodeEngine:263 - oldGeneratedFile, C:\cubespace\250630_Mini_Project\MXTmpFiles\license.tmp_save
2025-06-29 13:34:41,820 [INFO] CodeEngine:287 - Generated code: C:\cubespace\250630_Mini_Project\MXTmpFiles\license.tmp
2025-06-29 13:34:41,878 [INFO] CodeEngine:263 - oldGeneratedFile, C:\cubespace\250630_Mini_Project\Core\Src\gpio.c_save
2025-06-29 13:34:42,011 [INFO] CodeEngine:287 - Generated code: C:\cubespace\250630_Mini_Project\Core\Src\gpio.c
2025-06-29 13:34:42,016 [INFO] CodeEngine:263 - oldGeneratedFile, C:\cubespace\250630_Mini_Project\Core\Inc\gpio.h_save
2025-06-29 13:34:42,101 [INFO] CodeEngine:287 - Generated code: C:\cubespace\250630_Mini_Project\Core\Inc\gpio.h
2025-06-29 13:34:42,342 [INFO] CodeEngine:263 - oldGeneratedFile, C:\cubespace\250630_Mini_Project\Core\Src\i2c.c_save
2025-06-29 13:34:42,504 [INFO] CodeEngine:287 - Generated code: C:\cubespace\250630_Mini_Project\Core\Src\i2c.c
2025-06-29 13:34:42,509 [INFO] CodeEngine:263 - oldGeneratedFile, C:\cubespace\250630_Mini_Project\Core\Inc\i2c.h_save
2025-06-29 13:34:42,587 [INFO] CodeEngine:287 - Generated code: C:\cubespace\250630_Mini_Project\Core\Inc\i2c.h
2025-06-29 13:34:42,594 [INFO] CodeEngine:263 - oldGeneratedFile, C:\cubespace\250630_Mini_Project\Core\Src\tim.c_save
2025-06-29 13:34:42,713 [INFO] CodeEngine:287 - Generated code: C:\cubespace\250630_Mini_Project\Core\Src\tim.c
2025-06-29 13:34:42,717 [INFO] CodeEngine:263 - oldGeneratedFile, C:\cubespace\250630_Mini_Project\Core\Inc\tim.h_save
2025-06-29 13:34:42,797 [INFO] CodeEngine:287 - Generated code: C:\cubespace\250630_Mini_Project\Core\Inc\tim.h
2025-06-29 13:34:42,804 [INFO] CodeEngine:263 - oldGeneratedFile, C:\cubespace\250630_Mini_Project\Core\Src\usart.c_save
2025-06-29 13:34:42,913 [INFO] CodeEngine:287 - Generated code: C:\cubespace\250630_Mini_Project\Core\Src\usart.c
2025-06-29 13:34:42,916 [INFO] CodeEngine:263 - oldGeneratedFile, C:\cubespace\250630_Mini_Project\Core\Inc\usart.h_save
2025-06-29 13:34:42,993 [INFO] CodeEngine:287 - Generated code: C:\cubespace\250630_Mini_Project\Core\Inc\usart.h
2025-06-29 13:34:43,002 [INFO] CodeEngine:263 - oldGeneratedFile, C:\cubespace\250630_Mini_Project\Core\Src\stm32f4xx_it.c_save
2025-06-29 13:34:43,164 [INFO] CodeEngine:287 - Generated code: C:\cubespace\250630_Mini_Project\Core\Src\stm32f4xx_it.c
2025-06-29 13:34:43,168 [INFO] CodeEngine:263 - oldGeneratedFile, C:\cubespace\250630_Mini_Project\Core\Inc\stm32f4xx_it.h_save
2025-06-29 13:34:43,221 [INFO] CodeEngine:287 - Generated code: C:\cubespace\250630_Mini_Project\Core\Inc\stm32f4xx_it.h
2025-06-29 13:34:43,233 [INFO] CodeEngine:263 - oldGeneratedFile, C:\cubespace\250630_Mini_Project\Core\Src\stm32f4xx_hal_msp.c_save
2025-06-29 13:34:43,305 [INFO] CodeEngine:287 - Generated code: C:\cubespace\250630_Mini_Project\Core\Src\stm32f4xx_hal_msp.c
2025-06-29 13:34:43,309 [INFO] CodeEngine:263 - oldGeneratedFile, C:\cubespace\250630_Mini_Project\MXTmpFiles\system.tmp_save
2025-06-29 13:34:43,355 [INFO] CodeEngine:287 - Generated code: C:\cubespace\250630_Mini_Project\MXTmpFiles\system.tmp
2025-06-29 13:34:43,364 [INFO] CodeEngine:319 - oldGeneratedFile, C:\cubespace\250630_Mini_Project\Core\Inc\stm32f4xx_hal_conf.h_save
2025-06-29 13:34:43,423 [INFO] CodeEngine:343 - Generated code: C:\cubespace\250630_Mini_Project\Core\Inc\stm32f4xx_hal_conf.h
2025-06-29 13:34:43,446 [INFO] ApiDbMcu:508 - Load IP Config File for I2C1
2025-06-29 13:34:43,456 [INFO] ApiDbMcu:508 - Load IP Config File for TIM1
2025-06-29 13:34:43,466 [INFO] ApiDbMcu:508 - Load IP Config File for TIM2
2025-06-29 13:34:43,482 [INFO] ApiDbMcu:508 - Load IP Config File for TIM3
2025-06-29 13:34:43,488 [INFO] ApiDbMcu:508 - Load IP Config File for USART2
2025-06-29 13:34:43,493 [INFO] ApiDbMcu:508 - Load IP Config File for RCC
2025-06-29 13:34:43,501 [INFO] CodeEngine:263 - oldGeneratedFile, C:\cubespace\250630_Mini_Project\Core\Inc\main.h_save
2025-06-29 13:34:43,577 [INFO] CodeEngine:287 - Generated code: C:\cubespace\250630_Mini_Project\Core\Inc\main.h
2025-06-29 13:34:43,581 [INFO] CodeEngine:263 - oldGeneratedFile, C:\cubespace\250630_Mini_Project\Core\Src\main.c_save
2025-06-29 13:34:43,647 [INFO] CodeEngine:287 - Generated code: C:\cubespace\250630_Mini_Project\Core\Src\main.c
2025-06-29 13:34:43,967 [INFO] ProjectBuilder:3324 - Time for Copy HAL[1] : 198mS.
2025-06-29 13:34:43,970 [INFO] ProjectBuilder:4912 - Project Generator version: 4.6.0.1-B1
2025-06-29 13:34:44,031 [INFO] ConfigFileManager:1590 - The Die is : DIE431
2025-06-29 13:34:44,035 [INFO] ApiDbMcu:508 - Load IP Config File for FATFS
2025-06-29 13:34:44,041 [INFO] ApiDbMcu:508 - Load IP Config File for FREERTOS
2025-06-29 13:34:44,045 [INFO] ApiDbMcu:508 - Load IP Config File for LIBJPEG
2025-06-29 13:34:44,052 [INFO] ApiDbMcu:508 - Load IP Config File for MBEDTLS
2025-06-29 13:34:44,061 [INFO] ApiDbMcu:508 - Load IP Config File for USB_DEVICE
2025-06-29 13:34:44,065 [INFO] ApiDbMcu:508 - Load IP Config File for USB_HOST
2025-06-29 13:34:45,036 [INFO] ProjectBuilder:5191 - Time for Generating toolchain IDE Files: 1066mS.
2025-06-29 13:34:45,037 [INFO] ProjectBuilder:3181 - Time for Copy CMSIS : 1mS.
2025-06-29 13:34:45,040 [INFO] ProjectBuilder:3181 - Time for Copy CMSIS : 0mS.
