2025-06-19 09:14:26,640 [INFO] Activator:176 - 


2025-06-19 09:14:26,648 [INFO] Activator:177 - !SESSION log4j initialized
2025-06-19 09:14:32,017 [INFO] LogOutputStream:77 - [STDOUT_REDIRECT] 
2025-06-19 09:14:34,109 [INFO] ApplicationProperties:184 - Using Application install path: C:\ST\STM32CubeIDE_1.18.1\STM32CubeIDE\plugins\com.st.stm32cube.common.mx_6.14.1.202504091515
2025-06-19 09:14:34,156 [INFO] DbMcusXml:78 - Set database path to: C:\ST\STM32CubeIDE_1.18.1\STM32CubeIDE\plugins\com.st.stm32cube.common.mx_6.14.1.202504091515\\db\/mcu/
2025-06-19 09:14:34,156 [INFO] ApiDb:274 - Set plugin database path to: C:\ST\STM32CubeIDE_1.18.1\STM32CubeIDE\plugins\com.st.stm32cube.common.mx_6.14.1.202504091515\\db\/plugins/boardmanager/
2025-06-19 09:14:34,156 [WARN] ApiDb:259 - Overriding images path with different value:  => C:\ST\STM32CubeIDE_1.18.1\STM32CubeIDE\plugins\com.st.stm32cube.common.mx_6.14.1.202504091515\\db\/plugins/mcufinder/images/
2025-06-19 09:14:34,174 [INFO] ApiDb:250 - Set database path to: C:\Users\kccistc\.stmcufinder\plugins\mcufinder//mcu/
2025-06-19 09:14:34,177 [INFO] DbMcusAds:125 - Set database path to: C:\Users\kccistc\.stmcufinder\plugins\mcufinder//mcu/
2025-06-19 09:14:34,184 [INFO] CrossReferenceDbSqlite:203 - Set database path to: C:\Users\kccistc\.stmcufinder\plugins\mcufinder//mcu/cs/
2025-06-19 09:14:34,523 [INFO] RulesReader:64 - Compatibility file has been processed (302 Rules)
2025-06-19 09:14:34,727 [INFO] DbMcusXml:78 - Set database path to: C:\ST\STM32CubeIDE_1.18.1\STM32CubeIDE\plugins\com.st.stm32cube.common.mx_6.14.1.202504091515\\db\/mcu/
2025-06-19 09:14:34,728 [INFO] ApiDb:274 - Set plugin database path to: C:\ST\STM32CubeIDE_1.18.1\STM32CubeIDE\plugins\com.st.stm32cube.common.mx_6.14.1.202504091515\\db\/plugins/boardmanager/
2025-06-19 09:14:34,728 [INFO] ApiDb:261 - Set plugin images path to: C:\ST\STM32CubeIDE_1.18.1\STM32CubeIDE\plugins\com.st.stm32cube.common.mx_6.14.1.202504091515\\db\/plugins/mcufinder/images/
2025-06-19 09:14:34,728 [WARN] DbFile:41 - Overriding database path with different value: C:\Users\kccistc\.stmcufinder\plugins\mcufinder/ => C:\Users\kccistc\.stmcufinder\plugins\mcufinder
2025-06-19 09:14:34,728 [INFO] ApiDb:250 - Set database path to: C:\Users\kccistc\.stmcufinder\plugins\mcufinder//mcu/
2025-06-19 09:14:34,729 [WARN] DbFile:41 - Overriding database path with different value: C:\Users\kccistc\.stmcufinder\plugins\mcufinder/ => C:\Users\kccistc\.stmcufinder\plugins\mcufinder
2025-06-19 09:14:34,729 [INFO] DbMcusAds:125 - Set database path to: C:\Users\kccistc\.stmcufinder\plugins\mcufinder//mcu/
2025-06-19 09:14:34,729 [WARN] DbFile:41 - Overriding database path with different value: C:\Users\kccistc\.stmcufinder\plugins\mcufinder/ => C:\Users\kccistc\.stmcufinder\plugins\mcufinder
2025-06-19 09:14:34,729 [WARN] DbFile:41 - Overriding database path with different value: C:\Users\kccistc\.stmcufinder\plugins\mcufinder/ => C:\Users\kccistc\.stmcufinder\plugins\mcufinder
2025-06-19 09:14:34,729 [INFO] CrossReferenceDbSqlite:203 - Set database path to: C:\Users\kccistc\.stmcufinder\plugins\mcufinder//mcu/cs/
2025-06-19 09:14:34,901 [INFO] MainPanel:272 - HeapMemory: 268435456
2025-06-19 09:14:35,192 [INFO] DbMcusXml:78 - Set database path to: C:\ST\STM32CubeIDE_1.18.1\STM32CubeIDE\plugins\com.st.stm32cube.common.mx_6.14.1.202504091515\\db\/mcu/
2025-06-19 09:14:35,192 [INFO] ApiDb:274 - Set plugin database path to: C:\ST\STM32CubeIDE_1.18.1\STM32CubeIDE\plugins\com.st.stm32cube.common.mx_6.14.1.202504091515\\db\/plugins/boardmanager/
2025-06-19 09:14:35,192 [INFO] ApiDb:261 - Set plugin images path to: C:\ST\STM32CubeIDE_1.18.1\STM32CubeIDE\plugins\com.st.stm32cube.common.mx_6.14.1.202504091515\\db\/plugins/mcufinder/images/
2025-06-19 09:14:35,194 [WARN] DbFile:41 - Overriding database path with different value: C:\Users\kccistc\.stmcufinder\plugins\mcufinder/ => C:\Users\kccistc\.stmcufinder\plugins\mcufinder
2025-06-19 09:14:35,194 [INFO] ApiDb:250 - Set database path to: C:\Users\kccistc\.stmcufinder\plugins\mcufinder//mcu/
2025-06-19 09:14:35,194 [WARN] DbFile:41 - Overriding database path with different value: C:\Users\kccistc\.stmcufinder\plugins\mcufinder/ => C:\Users\kccistc\.stmcufinder\plugins\mcufinder
2025-06-19 09:14:35,194 [INFO] DbMcusAds:125 - Set database path to: C:\Users\kccistc\.stmcufinder\plugins\mcufinder//mcu/
2025-06-19 09:14:35,194 [WARN] DbFile:41 - Overriding database path with different value: C:\Users\kccistc\.stmcufinder\plugins\mcufinder/ => C:\Users\kccistc\.stmcufinder\plugins\mcufinder
2025-06-19 09:14:35,194 [WARN] DbFile:41 - Overriding database path with different value: C:\Users\kccistc\.stmcufinder\plugins\mcufinder/ => C:\Users\kccistc\.stmcufinder\plugins\mcufinder
2025-06-19 09:14:35,194 [INFO] CrossReferenceDbSqlite:203 - Set database path to: C:\Users\kccistc\.stmcufinder\plugins\mcufinder//mcu/cs/
2025-06-19 09:14:35,237 [INFO] ApplicationProperties:184 - Using Application install path: C:\ST\STM32CubeIDE_1.18.1\STM32CubeIDE\plugins\com.st.stm32cube.common.mx_6.14.1.202504091515
2025-06-19 09:14:35,241 [INFO] PluginManage:196 - Search for loadable plugins [exclusion list=, ]
2025-06-19 09:14:35,245 [INFO] PluginManage:310 - Check plugin analytics
2025-06-19 09:14:35,624 [INFO] AnalyticsPlugin:253 - Accepted Software Licenses: 
2025-06-19 09:14:35,625 [INFO] AnalyticsPlugin:255 - Accepted CMSIS Pack Licenses: 
2025-06-19 09:14:35,625 [INFO] AnalyticsPlugin:257 - Accepted Firmware Licenses: FW.F4.1.28.0
2025-06-19 09:14:35,625 [INFO] PluginManage:359 - Loaded plugin analytics (category:tool,tabindex:-1)
2025-06-19 09:14:35,626 [INFO] PluginManage:310 - Check plugin cadmodel
2025-06-19 09:14:35,638 [INFO] CADModel:105 - Init CAD model plugin
2025-06-19 09:14:35,638 [INFO] PluginManage:359 - Loaded plugin cadmodel (category:power,tabindex:5)
2025-06-19 09:14:35,638 [INFO] PluginManage:310 - Check plugin clock
2025-06-19 09:14:35,662 [INFO] PluginManage:359 - Loaded plugin clock (category:base,tabindex:2)
2025-06-19 09:14:35,662 [INFO] PluginManage:310 - Check plugin ddr
2025-06-19 09:14:35,670 [INFO] PluginManage:359 - Loaded plugin ddr (category:tool,tabindex:6)
2025-06-19 09:14:35,670 [INFO] PluginManage:310 - Check plugin filemanager
2025-06-19 09:14:35,869 [INFO] PluginManage:359 - Loaded plugin filemanager (category:base,tabindex:10)
2025-06-19 09:14:35,869 [INFO] PluginManage:310 - Check plugin ipmanager
2025-06-19 09:14:35,875 [INFO] PluginManage:359 - Loaded plugin ipmanager (category:base,tabindex:5)
2025-06-19 09:14:35,875 [INFO] PluginManage:310 - Check plugin lpbam
2025-06-19 09:14:35,884 [INFO] PluginManage:359 - Loaded plugin lpbam (category:base,tabindex:0)
2025-06-19 09:14:35,884 [INFO] PluginManage:310 - Check plugin memorymap
2025-06-19 09:14:35,897 [INFO] PluginManage:359 - Loaded plugin memorymap (category:base,tabindex:4)
2025-06-19 09:14:35,897 [INFO] PluginManage:310 - Check plugin pinoutandconfiguration
2025-06-19 09:14:35,907 [INFO] PluginManage:359 - Loaded plugin pinoutandconfiguration (category:base,tabindex:1)
2025-06-19 09:14:35,907 [INFO] PluginManage:310 - Check plugin pinoutconfig
2025-06-19 09:14:36,008 [WARN] SupportedApi:132 - Cannot load RTOS API schema: s4s-elt-must-match.1: The content of 'definitions' must match (annotation?, (simpleType | complexType)?, (unique | key | keyref)*)). A problem was found starting at: attribute.
2025-06-19 09:14:36,121 [INFO] PluginManage:359 - Loaded plugin pinoutconfig (category:base,tabindex:0)
2025-06-19 09:14:36,121 [INFO] PluginManage:310 - Check plugin power
2025-06-19 09:14:36,128 [INFO] PluginManage:359 - Loaded plugin power (category:power,tabindex:4)
2025-06-19 09:14:36,128 [INFO] PluginManage:310 - Check plugin projectmanager
2025-06-19 09:14:36,140 [INFO] PluginManage:359 - Loaded plugin projectmanager (category:projectmanager,tabindex:4)
2025-06-19 09:14:36,140 [INFO] PluginManage:310 - Check plugin rif
2025-06-19 09:14:36,146 [INFO] PluginManage:359 - Loaded plugin rif (category:base,tabindex:3)
2025-06-19 09:14:36,146 [INFO] PluginManage:310 - Check plugin thirdparty
2025-06-19 09:14:36,293 [WARN] IntegrityCheckThread:84 - waiting for thirdparty lock release [integrity check]
2025-06-19 09:14:36,293 [INFO] IntegrityCheckThread:86 - entering critical section [integrity check]
2025-06-19 09:14:36,294 [INFO] ThirdPartyUpdaterWithRetryManager:70 - Updater plugin not ready yet. [1/15]
2025-06-19 09:14:36,294 [INFO] PluginManage:359 - Loaded plugin thirdparty (category:base,tabindex:-1)
2025-06-19 09:14:36,294 [INFO] PluginManage:310 - Check plugin tools
2025-06-19 09:14:36,298 [INFO] PluginManage:359 - Loaded plugin tools (category:base,tabindex:7)
2025-06-19 09:14:36,299 [INFO] PluginManage:310 - Check plugin tutovideos
2025-06-19 09:14:36,482 [INFO] PluginManage:359 - Loaded plugin tutovideos (category:base,tabindex:-1)
2025-06-19 09:14:36,482 [INFO] PluginManage:310 - Check plugin updater
2025-06-19 09:14:36,511 [INFO] PluginManage:359 - Loaded plugin updater (category:base,tabindex:12)
2025-06-19 09:14:36,512 [INFO] PluginManage:310 - Check plugin userauth
2025-06-19 09:14:36,518 [INFO] UserAuth:118 - Init User Auth plugin
2025-06-19 09:14:36,518 [INFO] PluginManage:359 - Loaded plugin userauth (category:base,tabindex:14)
2025-06-19 09:14:36,519 [INFO] PluginManage:283 - PluginManage : Loaded plugins [18]
2025-06-19 09:14:36,709 [INFO] PinOutPanel:1589 - setPackage(No Configuration,No Configuration)
2025-06-19 09:14:36,807 [INFO] CADModel:165 - CPN selected for project level
2025-06-19 09:14:36,808 [INFO] CADModel:114 - Register for checkConnection events
2025-06-19 09:14:36,826 [INFO] IPUIPlugin:80 - create IPUIPlugin
2025-06-19 09:14:36,826 [INFO] PluginManager:220 - loadIPPluginJar : add adc
2025-06-19 09:14:36,829 [INFO] IPUIPlugin:80 - create IPUIPlugin
2025-06-19 09:14:36,830 [INFO] PluginManager:220 - loadIPPluginJar : add aes
2025-06-19 09:14:36,833 [INFO] IPUIPlugin:80 - create IPUIPlugin
2025-06-19 09:14:36,834 [INFO] PluginManager:220 - loadIPPluginJar : add can
2025-06-19 09:14:36,836 [INFO] IPUIPlugin:80 - create IPUIPlugin
2025-06-19 09:14:36,836 [INFO] PluginManager:220 - loadIPPluginJar : add comp
2025-06-19 09:14:36,840 [INFO] IPUIPlugin:80 - create IPUIPlugin
2025-06-19 09:14:36,840 [INFO] PluginManager:220 - loadIPPluginJar : add cryp
2025-06-19 09:14:36,842 [INFO] IPUIPlugin:80 - create IPUIPlugin
2025-06-19 09:14:36,842 [INFO] PluginManager:220 - loadIPPluginJar : add ddr_ctrl_phy
2025-06-19 09:14:36,845 [INFO] IPUIPlugin:80 - create IPUIPlugin
2025-06-19 09:14:36,845 [INFO] PluginManager:220 - loadIPPluginJar : add dfsdm
2025-06-19 09:14:36,850 [INFO] IPUIPlugin:80 - create IPUIPlugin
2025-06-19 09:14:36,850 [INFO] PluginManager:220 - loadIPPluginJar : add dma
2025-06-19 09:14:36,853 [INFO] IPUIPlugin:80 - create IPUIPlugin
2025-06-19 09:14:36,853 [INFO] PluginManager:220 - loadIPPluginJar : add dma3
2025-06-19 09:14:36,855 [INFO] IPUIPlugin:80 - create IPUIPlugin
2025-06-19 09:14:36,855 [INFO] PluginManager:220 - loadIPPluginJar : add extmemmanager
2025-06-19 09:14:36,857 [INFO] IPUIPlugin:80 - create IPUIPlugin
2025-06-19 09:14:36,857 [INFO] PluginManager:220 - loadIPPluginJar : add fatfs
2025-06-19 09:14:36,860 [INFO] IPUIPlugin:80 - create IPUIPlugin
2025-06-19 09:14:36,860 [INFO] PluginManager:220 - loadIPPluginJar : add fmc
2025-06-19 09:14:36,868 [INFO] IPUIPlugin:80 - create IPUIPlugin
2025-06-19 09:14:36,868 [INFO] PluginManager:220 - loadIPPluginJar : add freertos
2025-06-19 09:14:36,871 [INFO] IPUIPlugin:80 - create IPUIPlugin
2025-06-19 09:14:36,871 [INFO] PluginManager:220 - loadIPPluginJar : add genericplugin
2025-06-19 09:14:36,873 [INFO] IPUIPlugin:80 - create IPUIPlugin
2025-06-19 09:14:36,873 [INFO] PluginManager:220 - loadIPPluginJar : add gfxmmu
2025-06-19 09:14:36,876 [INFO] IPUIPlugin:80 - create IPUIPlugin
2025-06-19 09:14:36,877 [INFO] PluginManager:220 - loadIPPluginJar : add gic
2025-06-19 09:14:36,880 [INFO] IPUIPlugin:80 - create IPUIPlugin
2025-06-19 09:14:36,880 [INFO] PluginManager:220 - loadIPPluginJar : add gpio
2025-06-19 09:14:36,883 [INFO] IPUIPlugin:80 - create IPUIPlugin
2025-06-19 09:14:36,884 [INFO] PluginManager:220 - loadIPPluginJar : add gtzc
2025-06-19 09:14:36,886 [INFO] IPUIPlugin:80 - create IPUIPlugin
2025-06-19 09:14:36,886 [INFO] PluginManager:220 - loadIPPluginJar : add hash
2025-06-19 09:14:36,889 [INFO] IPUIPlugin:80 - create IPUIPlugin
2025-06-19 09:14:36,889 [INFO] PluginManager:220 - loadIPPluginJar : add i2c
2025-06-19 09:14:36,892 [INFO] IPUIPlugin:80 - create IPUIPlugin
2025-06-19 09:14:36,892 [INFO] PluginManager:220 - loadIPPluginJar : add i2s
2025-06-19 09:14:36,895 [INFO] IPUIPlugin:80 - create IPUIPlugin
2025-06-19 09:14:36,895 [INFO] PluginManager:220 - loadIPPluginJar : add i3c
2025-06-19 09:14:36,901 [INFO] IPUIPlugin:80 - create IPUIPlugin
2025-06-19 09:14:36,901 [INFO] PluginManager:220 - loadIPPluginJar : add ipddr
2025-06-19 09:14:36,906 [INFO] IPUIPlugin:80 - create IPUIPlugin
2025-06-19 09:14:36,907 [INFO] PluginManager:220 - loadIPPluginJar : add linkedlist
2025-06-19 09:14:36,911 [INFO] IPUIPlugin:80 - create IPUIPlugin
2025-06-19 09:14:36,911 [INFO] PluginManager:220 - loadIPPluginJar : add lorawan
2025-06-19 09:14:36,913 [INFO] IPUIPlugin:80 - create IPUIPlugin
2025-06-19 09:14:36,913 [INFO] PluginManager:220 - loadIPPluginJar : add ltdc
2025-06-19 09:14:36,918 [INFO] IPUIPlugin:80 - create IPUIPlugin
2025-06-19 09:14:36,919 [INFO] PluginManager:220 - loadIPPluginJar : add mdma
2025-06-19 09:14:36,921 [INFO] IPUIPlugin:80 - create IPUIPlugin
2025-06-19 09:14:36,921 [INFO] PluginManager:220 - loadIPPluginJar : add nvic
2025-06-19 09:14:36,925 [INFO] IPUIPlugin:80 - create IPUIPlugin
2025-06-19 09:14:36,925 [INFO] PluginManager:220 - loadIPPluginJar : add opamp
2025-06-19 09:14:36,927 [INFO] IPUIPlugin:80 - create IPUIPlugin
2025-06-19 09:14:36,927 [INFO] PluginManager:220 - loadIPPluginJar : add openamp
2025-06-19 09:14:36,930 [INFO] IPUIPlugin:80 - create IPUIPlugin
2025-06-19 09:14:36,930 [INFO] PluginManager:220 - loadIPPluginJar : add pdm2pcm
2025-06-19 09:14:36,936 [INFO] IPUIPlugin:80 - create IPUIPlugin
2025-06-19 09:14:36,938 [INFO] PluginManager:220 - loadIPPluginJar : add plateformsettings
2025-06-19 09:14:36,941 [INFO] IPUIPlugin:80 - create IPUIPlugin
2025-06-19 09:14:36,941 [INFO] PluginManager:220 - loadIPPluginJar : add quadspi
2025-06-19 09:14:36,943 [INFO] IPUIPlugin:80 - create IPUIPlugin
2025-06-19 09:14:36,944 [INFO] PluginManager:220 - loadIPPluginJar : add radio
2025-06-19 09:14:36,948 [INFO] IPUIPlugin:80 - create IPUIPlugin
2025-06-19 09:14:36,948 [INFO] PluginManager:220 - loadIPPluginJar : add resmgrutility
2025-06-19 09:14:36,952 [INFO] IPUIPlugin:80 - create IPUIPlugin
2025-06-19 09:14:36,953 [INFO] PluginManager:220 - loadIPPluginJar : add sai
2025-06-19 09:14:36,955 [INFO] IPUIPlugin:80 - create IPUIPlugin
2025-06-19 09:14:36,955 [INFO] PluginManager:220 - loadIPPluginJar : add spi
2025-06-19 09:14:36,960 [INFO] IPUIPlugin:80 - create IPUIPlugin
2025-06-19 09:14:36,960 [INFO] PluginManager:220 - loadIPPluginJar : add stm32_wpan
2025-06-19 09:14:36,961 [INFO] IPUIPlugin:80 - create IPUIPlugin
2025-06-19 09:14:36,961 [INFO] PluginManager:220 - loadIPPluginJar : add tim
2025-06-19 09:14:36,964 [INFO] IPUIPlugin:80 - create IPUIPlugin
2025-06-19 09:14:36,964 [INFO] PluginManager:220 - loadIPPluginJar : add touchsensing
2025-06-19 09:14:36,968 [INFO] IPUIPlugin:80 - create IPUIPlugin
2025-06-19 09:14:36,968 [INFO] PluginManager:220 - loadIPPluginJar : add tracer_emb
2025-06-19 09:14:36,970 [INFO] IPUIPlugin:80 - create IPUIPlugin
2025-06-19 09:14:36,970 [INFO] PluginManager:220 - loadIPPluginJar : add ts
2025-06-19 09:14:36,971 [INFO] IPUIPlugin:80 - create IPUIPlugin
2025-06-19 09:14:36,971 [INFO] PluginManager:220 - loadIPPluginJar : add tsc
2025-06-19 09:14:36,973 [INFO] IPUIPlugin:80 - create IPUIPlugin
2025-06-19 09:14:36,974 [INFO] PluginManager:220 - loadIPPluginJar : add ucpd
2025-06-19 09:14:36,976 [INFO] IPUIPlugin:80 - create IPUIPlugin
2025-06-19 09:14:36,976 [INFO] PluginManager:220 - loadIPPluginJar : add usart
2025-06-19 09:14:36,978 [INFO] IPUIPlugin:80 - create IPUIPlugin
2025-06-19 09:14:36,978 [INFO] PluginManager:220 - loadIPPluginJar : add usbx
2025-06-19 09:14:37,092 [FATAL] Updater:351 - Updater called before beeing initialized
2025-06-19 09:14:37,127 [INFO] RulesReader:64 - Compatibility file has been processed (302 Rules)
2025-06-19 09:14:37,136 [INFO] RulesReader:64 - Compatibility file has been processed (302 Rules)
2025-06-19 09:14:37,147 [INFO] CADModel:165 - CPN selected for project level
2025-06-19 09:14:37,147 [INFO] CADModel:114 - Register for checkConnection events
2025-06-19 09:14:37,147 [FATAL] Updater:351 - Updater called before beeing initialized
2025-06-19 09:14:37,147 [ERROR] CADModel:125 - Updater not yet initialized, retry later 
2025-06-19 09:14:37,333 [FATAL] Updater:351 - Updater called before beeing initialized
2025-06-19 09:14:37,346 [INFO] CADModel:165 - CPN selected for project level
2025-06-19 09:14:37,347 [INFO] CADModel:114 - Register for checkConnection events
2025-06-19 09:14:37,347 [FATAL] Updater:351 - Updater called before beeing initialized
2025-06-19 09:14:37,347 [ERROR] CADModel:125 - Updater not yet initialized, retry later 
2025-06-19 09:14:37,351 [FATAL] Updater:351 - Updater called before beeing initialized
2025-06-19 09:14:37,490 [FATAL] Updater:351 - Updater called before beeing initialized
2025-06-19 09:14:37,494 [INFO] DbMcusAds:53 - JSON generation date=Wed May 07 18:07:55 KST 2025 (1746608875484)
2025-06-19 09:14:37,494 [FATAL] Updater:351 - Updater called before beeing initialized
2025-06-19 09:14:37,525 [WARN] DetailPanel:346 - Failed to get advertising image, set to default
2025-06-19 09:14:37,697 [FATAL] Updater:351 - Updater called before beeing initialized
2025-06-19 09:14:37,699 [FATAL] Updater:351 - Updater called before beeing initialized
2025-06-19 09:14:37,700 [FATAL] Updater:351 - Updater called before beeing initialized
2025-06-19 09:14:37,700 [WARN] DetailPanel:346 - Failed to get advertising image, set to default
2025-06-19 09:14:37,700 [FATAL] Updater:351 - Updater called before beeing initialized
2025-06-19 09:14:37,735 [ERROR] Updater:1198 - MainUpdater not yet initialized. External WinMGr cannot be set.
2025-06-19 09:14:37,738 [INFO] Updater:1134 - Updater Version found : 6.14.1
2025-06-19 09:14:37,754 [INFO] ApplicationProperties:184 - Using Application install path: C:\ST\STM32CubeIDE_1.18.1\STM32CubeIDE\plugins\com.st.stm32cube.common.mx_6.14.1.202504091515
2025-06-19 09:14:39,299 [INFO] ThirdPartyUpdaterWithRetryManager:70 - Updater plugin not ready yet. [2/15]
2025-06-19 09:14:39,352 [ERROR] LogOutputStream:75 - [STDERR_REDIRECT] Jun 19, 2025 9:14:39 AM java.util.prefs.WindowsPreferences <init>
2025-06-19 09:14:39,353 [ERROR] LogOutputStream:75 - [STDERR_REDIRECT] WARNING: Could not open/create prefs root node Software\JavaSoft\Prefs at root 0xffffffff80000002. Windows RegCreateKeyEx(...) returned error code 5.
2025-06-19 09:14:39,354 [ERROR] LogOutputStream:75 - [STDERR_REDIRECT] 
2025-06-19 09:14:39,712 [INFO] MainUpdater:2872 - connection check result : 10
2025-06-19 09:14:39,712 [INFO] MainUpdater:289 - Updater Check For Update Now.
2025-06-19 09:14:39,712 [INFO] MicroXplorer:498 - Change Database Version : DB.6.0.141
2025-06-19 09:14:39,718 [INFO] McuFinderGlobals:63 - Set McuFinder mode to 2 (CubeIDE integrated)
2025-06-19 09:14:39,718 [INFO] UserAuth:171 - activating auth plugin
2025-06-19 09:14:39,722 [INFO] UserAuth:484 - Internet connection configuration mode: 1
2025-06-19 09:14:39,765 [INFO] JxBrowserEngine:152 - Initiate JxBrowser Engine with user profile folder
2025-06-19 09:14:39,892 [INFO] CheckServerUpdateThread:120 - End of CheckServer Thread
2025-06-19 09:14:41,077 [INFO] WebApp:169 - Instantiating new browser for Auth
2025-06-19 09:14:41,628 [INFO] WebApp:463 - Apply proxy settings
2025-06-19 09:14:41,628 [INFO] WebApp:548 - Chromium requires no authentication
2025-06-19 09:14:41,639 [INFO] WebApp:491 - Direct internet connection detected
2025-06-19 09:14:41,658 [INFO] WebApp:894 - Register for checkConnection events
2025-06-19 09:14:41,659 [INFO] WebApp:463 - Apply proxy settings
2025-06-19 09:14:41,659 [INFO] WebApp:548 - Chromium requires no authentication
2025-06-19 09:14:41,659 [INFO] WebApp:491 - Direct internet connection detected
2025-06-19 09:14:41,789 [INFO] WebApp:225 - Starting web application
2025-06-19 09:14:41,789 [INFO] WebApp:593 - Web application path used C:\ST\STM32CubeIDE_1.18.1\STM32CubeIDE\plugins\com.st.stm32cube.common.mx_6.14.1.202504091515\db\plugins\mcufinder\reactClient1\index.html
2025-06-19 09:14:41,997 [INFO] WebApp:191 - Connection restablished
2025-06-19 09:14:42,482 [WARN] PackLoader:240 - Cannot read IP mode file for STMicroelectronics.FP-SNS-MOTENVWB1.1.4.0
2025-06-19 09:14:42,491 [WARN] PackLoader:240 - Cannot read IP mode file for STMicroelectronics.FP-ATR-ASTRA1.2.0.2
2025-06-19 09:14:42,497 [WARN] PackLoader:240 - Cannot read IP mode file for STMicroelectronics.X-CUBE-SMBUS.2.1.0
2025-06-19 09:14:42,501 [WARN] PackLoader:240 - Cannot read IP mode file for STMicroelectronics.X-CUBE-ST60.1.0.0
2025-06-19 09:14:42,519 [WARN] PackLoader:240 - Cannot read IP mode file for STMicroelectronics.X-CUBE-AZRTOS-F7.1.1.0
2025-06-19 09:14:42,547 [WARN] PackLoader:240 - Cannot read IP mode file for Infineon.AIROC-Wi-Fi-Bluetooth-STM32.1.7.0
2025-06-19 09:14:42,558 [WARN] PackLoader:240 - Cannot read IP mode file for STMicroelectronics.X-CUBE-DISPLAY.3.0.0
2025-06-19 09:14:42,568 [WARN] PackLoader:240 - Cannot read IP mode file for STMicroelectronics.X-CUBE-NFC10.1.0.0
2025-06-19 09:14:42,575 [WARN] PackLoader:240 - Cannot read IP mode file for STMicroelectronics.X-CUBE-BLEMGR.4.0.0
2025-06-19 09:14:42,580 [WARN] PackLoader:240 - Cannot read IP mode file for emotas.I-CUBE-CANOPEN.1.3.0
2025-06-19 09:14:42,583 [WARN] ConditionMgr:438 - getConditionDescription Invalid condition id : Cortex-A Device cause : null
2025-06-19 09:14:42,595 [WARN] ConditionMgr:1044 - genDependencies : Invalid condition id : Cortex-A Device cause : null
2025-06-19 09:14:42,595 [WARN] ConditionMgr:1044 - genDependencies : Invalid condition id : Cortex-A Device cause : null
2025-06-19 09:14:42,595 [WARN] ConditionMgr:1044 - genDependencies : Invalid condition id : Cortex-A Device cause : null
2025-06-19 09:14:42,598 [WARN] PackLoader:240 - Cannot read IP mode file for STMicroelectronics.X-CUBE-AI.10.0.0
2025-06-19 09:14:42,602 [WARN] PackLoader:240 - Cannot read IP mode file for STMicroelectronics.FP-SNS-SMARTAG2.1.2.0
2025-06-19 09:14:42,605 [WARN] PackLoader:240 - Cannot read IP mode file for STMicroelectronics.FP-SNS-FLIGHT1.5.1.0
2025-06-19 09:14:42,612 [INFO] LogOutputStream:77 - [STDOUT_REDIRECT] 1 : Invalid condition id : UX_CORESTACK_Condition cause : null
2025-06-19 09:14:42,613 [INFO] LogOutputStream:77 - [STDOUT_REDIRECT] 1 : Invalid condition id : UX_CORESTACK_Condition cause : null
2025-06-19 09:14:42,614 [INFO] LogOutputStream:77 - [STDOUT_REDIRECT] 1 : Invalid condition id : UX_CORESTACK_Condition cause : null
2025-06-19 09:14:42,615 [INFO] LogOutputStream:77 - [STDOUT_REDIRECT] 1 : Invalid condition id : UX_CORESTACK_Condition cause : null
2025-06-19 09:14:42,616 [INFO] LogOutputStream:77 - [STDOUT_REDIRECT] 1 : Invalid condition id : UX_CORESTACK_Condition cause : null
2025-06-19 09:14:42,617 [WARN] PackLoader:240 - Cannot read IP mode file for STMicroelectronics.X-CUBE-AZRTOS-WL.2.0.0
2025-06-19 09:14:42,624 [WARN] PackLoader:240 - Cannot read IP mode file for STMicroelectronics.FP-SNS-MOTENV1.5.0.0
2025-06-19 09:14:42,631 [WARN] PackLoader:240 - Cannot read IP mode file for WES.I-CUBE-Cesium.1.3.0
2025-06-19 09:14:42,635 [WARN] PackLoader:240 - Cannot read IP mode file for STMicroelectronics.X-CUBE-BLE2.3.3.0
2025-06-19 09:14:42,639 [WARN] PackLoader:240 - Cannot read IP mode file for STMicroelectronics.X-CUBE-NFC9.1.0.0
2025-06-19 09:14:42,643 [WARN] PackLoader:240 - Cannot read IP mode file for wolfSSL.I-CUBE-wolfSSL.5.8.0
2025-06-19 09:14:42,646 [WARN] PackLoader:240 - Cannot read IP mode file for STMicroelectronics.X-CUBE-BLE1.7.1.0
2025-06-19 09:14:42,648 [WARN] PackLoader:240 - Cannot read IP mode file for wolfSSL.I-CUBE-wolfMQTT.1.19.2
2025-06-19 09:14:42,652 [WARN] PackLoader:240 - Cannot read IP mode file for STMicroelectronics.X-CUBE-AI.10.1.0
2025-06-19 09:14:42,688 [WARN] PackLoader:240 - Cannot read IP mode file for STMicroelectronics.X-CUBE-MEMS1.11.2.0
2025-06-19 09:14:42,792 [WARN] PackLoader:240 - Cannot read IP mode file for STMicroelectronics.X-CUBE-AZRTOS-G0.1.1.0
2025-06-19 09:14:42,797 [WARN] PackLoader:240 - Cannot read IP mode file for STMicroelectronics.X-CUBE-SAFEA1.1.2.2
2025-06-19 09:14:42,801 [WARN] PackLoader:240 - Cannot read IP mode file for STMicroelectronics.X-CUBE-NFC4.3.0.0
2025-06-19 09:14:42,807 [WARN] PackLoader:240 - Cannot read IP mode file for EmbeddedOffice.I-CUBE-FS-RTOS.1.0.1
2025-06-19 09:14:42,810 [WARN] PackLoader:240 - Cannot read IP mode file for STMicroelectronics.X-CUBE-WB05N.2.0.0
2025-06-19 09:14:42,814 [WARN] PackLoader:240 - Cannot read IP mode file for wolfSSL.I-CUBE-wolfTPM.3.8.0
2025-06-19 09:14:42,818 [WARN] PackLoader:240 - Cannot read IP mode file for STMicroelectronics.X-CUBE-TCPP.4.2.0
2025-06-19 09:14:42,822 [WARN] PackLoader:240 - Cannot read IP mode file for RealThread.X-CUBE-RT-Thread_Nano.4.1.1
2025-06-19 09:14:42,826 [WARN] PackLoader:240 - Cannot read IP mode file for STMicroelectronics.FP-ATR-SIGFOX1.3.2.0
2025-06-19 09:14:42,830 [WARN] PackLoader:240 - Cannot read IP mode file for STMicroelectronics.X-CUBE-EEPRMA1.5.1.0
2025-06-19 09:14:42,834 [WARN] PackLoader:240 - Cannot read IP mode file for ITTIA_DB.I-CUBE-ITTIADB.8.9.0
2025-06-19 09:14:42,843 [WARN] PackLoader:240 - Cannot read IP mode file for STMicroelectronics.X-CUBE-ST67W61.1.0.0
2025-06-19 09:14:42,859 [WARN] PackLoader:240 - Cannot read IP mode file for SEGGER.I-CUBE-embOS.1.3.1
2025-06-19 09:14:42,909 [WARN] PackLoader:240 - Cannot read IP mode file for STMicroelectronics.X-CUBE-ALGOBUILD.1.4.0
2025-06-19 09:14:42,971 [WARN] PackLoader:240 - Cannot read IP mode file for STMicroelectronics.X-CUBE-MEMS1.11.3.0
2025-06-19 09:14:43,045 [WARN] PackLoader:240 - Cannot read IP mode file for STMicroelectronics.X-CUBE-PM33A1.1.0.0
2025-06-19 09:14:43,053 [WARN] PackLoader:240 - Cannot read IP mode file for STMicroelectronics.X-CUBE-AZRTOS-F4.1.1.0
2025-06-19 09:14:43,059 [WARN] PackLoader:240 - Cannot read IP mode file for Avnet-IotConnect.X-CUBE-IoTC-DA16k-PMOD.1.0.0
2025-06-19 09:14:43,062 [WARN] PackLoader:240 - Cannot read IP mode file for STMicroelectronics.X-CUBE-ISPU.2.1.0
2025-06-19 09:14:43,070 [WARN] PackLoader:240 - Cannot read IP mode file for STMicroelectronics.X-CUBE-AZRTOS-L5.2.0.0
2025-06-19 09:14:43,077 [WARN] PackLoader:240 - Cannot read IP mode file for STMicroelectronics.X-CUBE-NFC6.3.1.0
2025-06-19 09:14:43,081 [WARN] PackLoader:240 - Cannot read IP mode file for STMicroelectronics.X-CUBE-FREERTOS.1.3.1
2025-06-19 09:14:43,085 [WARN] PackLoader:240 - Cannot read IP mode file for STMicroelectronics.X-CUBE-DPower.1.3.0
2025-06-19 09:14:43,096 [WARN] ConditionMgr:438 - getConditionDescription Invalid condition id : LAN8742 Phy interface Condition cause : null
2025-06-19 09:14:43,096 [WARN] PackLoader:240 - Cannot read IP mode file for STMicroelectronics.X-CUBE-AZRTOS-L4.2.0.0
2025-06-19 09:14:43,097 [WARN] ConditionMgr:1044 - genDependencies : Invalid condition id : LAN8742 Phy interface Condition cause : null
2025-06-19 09:14:43,097 [WARN] ConditionMgr:1044 - genDependencies : Invalid condition id : LAN8742 Phy interface Condition cause : null
2025-06-19 09:14:43,097 [WARN] ConditionMgr:1044 - genDependencies : Invalid condition id : LAN8742 Phy interface Condition cause : null
2025-06-19 09:14:43,102 [WARN] PackLoader:240 - Cannot read IP mode file for STMicroelectronics.X-CUBE-SFXS2LP1.4.0.0
2025-06-19 09:14:43,114 [WARN] PackLoader:240 - Cannot read IP mode file for STMicroelectronics.X-CUBE-AZRTOS-H7.3.3.0
2025-06-19 09:14:43,124 [WARN] ConditionMgr:438 - getConditionDescription Invalid condition id : UX DEVICE CLASS RTOS Condition cause : null
2025-06-19 09:14:43,124 [WARN] ConditionMgr:438 - getConditionDescription Invalid condition id : UX DEVICE CLASS RTOS Condition cause : null
2025-06-19 09:14:43,125 [WARN] PackLoader:240 - Cannot read IP mode file for STMicroelectronics.X-CUBE-AZRTOS-WB.2.0.0
2025-06-19 09:14:43,125 [WARN] ConditionMgr:1044 - genDependencies : Invalid condition id : UX DEVICE CLASS RTOS Condition cause : null
2025-06-19 09:14:43,126 [WARN] ConditionMgr:1044 - genDependencies : Invalid condition id : UX DEVICE CLASS RTOS Condition cause : null
2025-06-19 09:14:43,126 [WARN] ConditionMgr:1044 - genDependencies : Invalid condition id : UX DEVICE CLASS RTOS Condition cause : null
2025-06-19 09:14:43,126 [WARN] ConditionMgr:1044 - genDependencies : Invalid condition id : UX DEVICE CLASS RTOS Condition cause : null
2025-06-19 09:14:43,126 [WARN] ConditionMgr:1044 - genDependencies : Invalid condition id : UX DEVICE CLASS RTOS Condition cause : null
2025-06-19 09:14:43,131 [WARN] PackLoader:240 - Cannot read IP mode file for STMicroelectronics.X-CUBE-GNSS1.7.0.1
2025-06-19 09:14:43,137 [WARN] PackLoader:240 - Cannot read IP mode file for STMicroelectronics.X-CUBE-TOUCHGFX.4.25.0
2025-06-19 09:14:43,141 [WARN] PackLoader:240 - Cannot read IP mode file for STMicroelectronics.FP-SNS-STBOX1.2.0.0
2025-06-19 09:14:43,151 [WARN] PackLoader:240 - Cannot read IP mode file for STMicroelectronics.X-CUBE-SUBG2.5.0.0
2025-06-19 09:14:43,162 [WARN] PackLoader:240 - Cannot read IP mode file for STMicroelectronics.X-CUBE-AZRTOS-H7RS.1.1.0
2025-06-19 09:14:43,166 [WARN] PackLoader:240 - Cannot read IP mode file for Cesanta.I-CUBE-Mongoose.7.13.0
2025-06-19 09:14:43,174 [WARN] PackLoader:240 - Cannot read IP mode file for STMicroelectronics.X-CUBE-AZRTOS-G4.2.0.0
2025-06-19 09:14:43,178 [WARN] PackLoader:240 - Cannot read IP mode file for wolfSSL.I-CUBE-wolfSSH.1.4.20
2025-06-19 09:14:43,182 [WARN] PackLoader:240 - Cannot read IP mode file for STMicroelectronics.X-CUBE-NFC7.2.0.0
2025-06-19 09:14:43,189 [WARN] PackLoader:240 - Cannot read IP mode file for STMicroelectronics.X-CUBE-IPS.3.1.0
2025-06-19 09:14:43,194 [WARN] PackLoader:240 - Cannot read IP mode file for STMicroelectronics.X-CUBE-ALS.1.0.2
2025-06-19 09:14:43,197 [WARN] PackLoader:240 - Cannot read IP mode file for portGmbH.I-Cube-SoM-uGOAL.1.1.0
2025-06-19 09:14:43,203 [WARN] PackLoader:240 - Cannot read IP mode file for STMicroelectronics.X-CUBE-TOF1.3.4.3
2025-06-19 09:14:43,208 [INFO] ThirdParty:978 - Integrity check success = true
2025-06-19 09:14:43,208 [INFO] IntegrityCheckThread:100 - exiting critical section [integrity check]
2025-06-19 09:14:43,208 [INFO] IntegrityCheckThread:103 - End integrity checks thread
