2025-06-30 08:59:54,050 [ERROR] LogOutputStream:75 - [STDERR_REDIRECT] 
2025-06-30 14:09:06,864 [INFO] Activator:176 - 


2025-06-30 14:09:06,866 [INFO] Activator:177 - !SESSION log4j initialized
2025-06-30 14:09:13,335 [INFO] LogOutputStream:77 - [STDOUT_REDIRECT] 
2025-06-30 14:09:16,718 [INFO] ApplicationProperties:184 - Using Application install path: C:\ST\STM32CubeIDE_1.18.1\STM32CubeIDE\plugins\com.st.stm32cube.common.mx_6.14.1.202504091515
2025-06-30 14:09:16,755 [INFO] DbMcusXml:78 - Set database path to: C:\ST\STM32CubeIDE_1.18.1\STM32CubeIDE\plugins\com.st.stm32cube.common.mx_6.14.1.202504091515\\db\/mcu/
2025-06-30 14:09:16,755 [INFO] ApiDb:274 - Set plugin database path to: C:\ST\STM32CubeIDE_1.18.1\STM32CubeIDE\plugins\com.st.stm32cube.common.mx_6.14.1.202504091515\\db\/plugins/boardmanager/
2025-06-30 14:09:16,756 [WARN] ApiDb:259 - Overriding images path with different value:  => C:\ST\STM32CubeIDE_1.18.1\STM32CubeIDE\plugins\com.st.stm32cube.common.mx_6.14.1.202504091515\\db\/plugins/mcufinder/images/
2025-06-30 14:09:16,774 [INFO] ApiDb:250 - Set database path to: C:\Users\kccistc\.stmcufinder\plugins\mcufinder//mcu/
2025-06-30 14:09:16,777 [INFO] DbMcusAds:125 - Set database path to: C:\Users\kccistc\.stmcufinder\plugins\mcufinder//mcu/
2025-06-30 14:09:16,786 [INFO] CrossReferenceDbSqlite:203 - Set database path to: C:\Users\kccistc\.stmcufinder\plugins\mcufinder//mcu/cs/
2025-06-30 14:09:16,989 [INFO] RulesReader:64 - Compatibility file has been processed (302 Rules)
2025-06-30 14:09:17,178 [INFO] DbMcusXml:78 - Set database path to: C:\ST\STM32CubeIDE_1.18.1\STM32CubeIDE\plugins\com.st.stm32cube.common.mx_6.14.1.202504091515\\db\/mcu/
2025-06-30 14:09:17,178 [INFO] ApiDb:274 - Set plugin database path to: C:\ST\STM32CubeIDE_1.18.1\STM32CubeIDE\plugins\com.st.stm32cube.common.mx_6.14.1.202504091515\\db\/plugins/boardmanager/
2025-06-30 14:09:17,178 [INFO] ApiDb:261 - Set plugin images path to: C:\ST\STM32CubeIDE_1.18.1\STM32CubeIDE\plugins\com.st.stm32cube.common.mx_6.14.1.202504091515\\db\/plugins/mcufinder/images/
2025-06-30 14:09:17,179 [WARN] DbFile:41 - Overriding database path with different value: C:\Users\kccistc\.stmcufinder\plugins\mcufinder/ => C:\Users\kccistc\.stmcufinder\plugins\mcufinder
2025-06-30 14:09:17,179 [INFO] ApiDb:250 - Set database path to: C:\Users\kccistc\.stmcufinder\plugins\mcufinder//mcu/
2025-06-30 14:09:17,179 [WARN] DbFile:41 - Overriding database path with different value: C:\Users\kccistc\.stmcufinder\plugins\mcufinder/ => C:\Users\kccistc\.stmcufinder\plugins\mcufinder
2025-06-30 14:09:17,179 [INFO] DbMcusAds:125 - Set database path to: C:\Users\kccistc\.stmcufinder\plugins\mcufinder//mcu/
2025-06-30 14:09:17,179 [WARN] DbFile:41 - Overriding database path with different value: C:\Users\kccistc\.stmcufinder\plugins\mcufinder/ => C:\Users\kccistc\.stmcufinder\plugins\mcufinder
2025-06-30 14:09:17,179 [WARN] DbFile:41 - Overriding database path with different value: C:\Users\kccistc\.stmcufinder\plugins\mcufinder/ => C:\Users\kccistc\.stmcufinder\plugins\mcufinder
2025-06-30 14:09:17,179 [INFO] CrossReferenceDbSqlite:203 - Set database path to: C:\Users\kccistc\.stmcufinder\plugins\mcufinder//mcu/cs/
2025-06-30 14:09:17,256 [INFO] MainPanel:272 - HeapMemory: 268435456
2025-06-30 14:09:17,358 [INFO] DbMcusXml:78 - Set database path to: C:\ST\STM32CubeIDE_1.18.1\STM32CubeIDE\plugins\com.st.stm32cube.common.mx_6.14.1.202504091515\\db\/mcu/
2025-06-30 14:09:17,358 [INFO] ApiDb:274 - Set plugin database path to: C:\ST\STM32CubeIDE_1.18.1\STM32CubeIDE\plugins\com.st.stm32cube.common.mx_6.14.1.202504091515\\db\/plugins/boardmanager/
2025-06-30 14:09:17,358 [INFO] ApiDb:261 - Set plugin images path to: C:\ST\STM32CubeIDE_1.18.1\STM32CubeIDE\plugins\com.st.stm32cube.common.mx_6.14.1.202504091515\\db\/plugins/mcufinder/images/
2025-06-30 14:09:17,358 [WARN] DbFile:41 - Overriding database path with different value: C:\Users\kccistc\.stmcufinder\plugins\mcufinder/ => C:\Users\kccistc\.stmcufinder\plugins\mcufinder
2025-06-30 14:09:17,358 [INFO] ApiDb:250 - Set database path to: C:\Users\kccistc\.stmcufinder\plugins\mcufinder//mcu/
2025-06-30 14:09:17,358 [WARN] DbFile:41 - Overriding database path with different value: C:\Users\kccistc\.stmcufinder\plugins\mcufinder/ => C:\Users\kccistc\.stmcufinder\plugins\mcufinder
2025-06-30 14:09:17,358 [INFO] DbMcusAds:125 - Set database path to: C:\Users\kccistc\.stmcufinder\plugins\mcufinder//mcu/
2025-06-30 14:09:17,358 [WARN] DbFile:41 - Overriding database path with different value: C:\Users\kccistc\.stmcufinder\plugins\mcufinder/ => C:\Users\kccistc\.stmcufinder\plugins\mcufinder
2025-06-30 14:09:17,358 [WARN] DbFile:41 - Overriding database path with different value: C:\Users\kccistc\.stmcufinder\plugins\mcufinder/ => C:\Users\kccistc\.stmcufinder\plugins\mcufinder
2025-06-30 14:09:17,358 [INFO] CrossReferenceDbSqlite:203 - Set database path to: C:\Users\kccistc\.stmcufinder\plugins\mcufinder//mcu/cs/
2025-06-30 14:09:17,373 [INFO] ApplicationProperties:184 - Using Application install path: C:\ST\STM32CubeIDE_1.18.1\STM32CubeIDE\plugins\com.st.stm32cube.common.mx_6.14.1.202504091515
2025-06-30 14:09:17,374 [INFO] PluginManage:196 - Search for loadable plugins [exclusion list=, ]
2025-06-30 14:09:17,375 [INFO] PluginManage:310 - Check plugin analytics
2025-06-30 14:09:17,657 [INFO] AnalyticsPlugin:253 - Accepted Software Licenses: 
2025-06-30 14:09:17,658 [INFO] AnalyticsPlugin:255 - Accepted CMSIS Pack Licenses: 
2025-06-30 14:09:17,658 [INFO] AnalyticsPlugin:257 - Accepted Firmware Licenses: FW.F4.1.28.0
2025-06-30 14:09:17,680 [INFO] PluginManage:359 - Loaded plugin analytics (category:tool,tabindex:-1)
2025-06-30 14:09:17,681 [INFO] PluginManage:310 - Check plugin cadmodel
2025-06-30 14:09:17,689 [INFO] CADModel:105 - Init CAD model plugin
2025-06-30 14:09:17,689 [INFO] PluginManage:359 - Loaded plugin cadmodel (category:power,tabindex:5)
2025-06-30 14:09:17,690 [INFO] PluginManage:310 - Check plugin clock
2025-06-30 14:09:17,704 [INFO] PluginManage:359 - Loaded plugin clock (category:base,tabindex:2)
2025-06-30 14:09:17,704 [INFO] PluginManage:310 - Check plugin ddr
2025-06-30 14:09:17,706 [INFO] PluginManage:359 - Loaded plugin ddr (category:tool,tabindex:6)
2025-06-30 14:09:17,707 [INFO] PluginManage:310 - Check plugin filemanager
2025-06-30 14:09:17,827 [INFO] PluginManage:359 - Loaded plugin filemanager (category:base,tabindex:10)
2025-06-30 14:09:17,827 [INFO] PluginManage:310 - Check plugin ipmanager
2025-06-30 14:09:17,833 [INFO] PluginManage:359 - Loaded plugin ipmanager (category:base,tabindex:5)
2025-06-30 14:09:17,833 [INFO] PluginManage:310 - Check plugin lpbam
2025-06-30 14:09:17,839 [INFO] PluginManage:359 - Loaded plugin lpbam (category:base,tabindex:0)
2025-06-30 14:09:17,839 [INFO] PluginManage:310 - Check plugin memorymap
2025-06-30 14:09:17,850 [INFO] PluginManage:359 - Loaded plugin memorymap (category:base,tabindex:4)
2025-06-30 14:09:17,850 [INFO] PluginManage:310 - Check plugin pinoutandconfiguration
2025-06-30 14:09:17,857 [INFO] PluginManage:359 - Loaded plugin pinoutandconfiguration (category:base,tabindex:1)
2025-06-30 14:09:17,857 [INFO] PluginManage:310 - Check plugin pinoutconfig
2025-06-30 14:09:17,927 [WARN] SupportedApi:132 - Cannot load RTOS API schema: s4s-elt-must-match.1: The content of 'definitions' must match (annotation?, (simpleType | complexType)?, (unique | key | keyref)*)). A problem was found starting at: attribute.
2025-06-30 14:09:18,081 [INFO] PluginManage:359 - Loaded plugin pinoutconfig (category:base,tabindex:0)
2025-06-30 14:09:18,081 [INFO] PluginManage:310 - Check plugin power
2025-06-30 14:09:18,089 [INFO] PluginManage:359 - Loaded plugin power (category:power,tabindex:4)
2025-06-30 14:09:18,089 [INFO] PluginManage:310 - Check plugin projectmanager
2025-06-30 14:09:18,105 [INFO] PluginManage:359 - Loaded plugin projectmanager (category:projectmanager,tabindex:4)
2025-06-30 14:09:18,105 [INFO] PluginManage:310 - Check plugin rif
2025-06-30 14:09:18,114 [INFO] PluginManage:359 - Loaded plugin rif (category:base,tabindex:3)
2025-06-30 14:09:18,115 [INFO] PluginManage:310 - Check plugin thirdparty
2025-06-30 14:09:18,261 [WARN] IntegrityCheckThread:84 - waiting for thirdparty lock release [integrity check]
2025-06-30 14:09:18,262 [INFO] IntegrityCheckThread:86 - entering critical section [integrity check]
2025-06-30 14:09:18,262 [INFO] ThirdPartyUpdaterWithRetryManager:70 - Updater plugin not ready yet. [1/15]
2025-06-30 14:09:18,262 [INFO] PluginManage:359 - Loaded plugin thirdparty (category:base,tabindex:-1)
2025-06-30 14:09:18,262 [INFO] PluginManage:310 - Check plugin tools
2025-06-30 14:09:18,267 [INFO] PluginManage:359 - Loaded plugin tools (category:base,tabindex:7)
2025-06-30 14:09:18,267 [INFO] PluginManage:310 - Check plugin tutovideos
2025-06-30 14:09:18,420 [INFO] PluginManage:359 - Loaded plugin tutovideos (category:base,tabindex:-1)
2025-06-30 14:09:18,420 [INFO] PluginManage:310 - Check plugin updater
2025-06-30 14:09:18,437 [INFO] PluginManage:359 - Loaded plugin updater (category:base,tabindex:12)
2025-06-30 14:09:18,437 [INFO] PluginManage:310 - Check plugin userauth
2025-06-30 14:09:18,440 [INFO] UserAuth:118 - Init User Auth plugin
2025-06-30 14:09:18,441 [INFO] PluginManage:359 - Loaded plugin userauth (category:base,tabindex:14)
2025-06-30 14:09:18,441 [INFO] PluginManage:283 - PluginManage : Loaded plugins [18]
2025-06-30 14:09:18,609 [INFO] PinOutPanel:1589 - setPackage(No Configuration,No Configuration)
2025-06-30 14:09:18,683 [INFO] CADModel:165 - CPN selected for project level
2025-06-30 14:09:18,683 [INFO] CADModel:114 - Register for checkConnection events
2025-06-30 14:09:18,703 [INFO] IPUIPlugin:80 - create IPUIPlugin
2025-06-30 14:09:18,704 [INFO] PluginManager:220 - loadIPPluginJar : add adc
2025-06-30 14:09:18,707 [INFO] IPUIPlugin:80 - create IPUIPlugin
2025-06-30 14:09:18,708 [INFO] PluginManager:220 - loadIPPluginJar : add aes
2025-06-30 14:09:18,711 [INFO] IPUIPlugin:80 - create IPUIPlugin
2025-06-30 14:09:18,711 [INFO] PluginManager:220 - loadIPPluginJar : add can
2025-06-30 14:09:18,714 [INFO] IPUIPlugin:80 - create IPUIPlugin
2025-06-30 14:09:18,714 [INFO] PluginManager:220 - loadIPPluginJar : add comp
2025-06-30 14:09:18,717 [INFO] IPUIPlugin:80 - create IPUIPlugin
2025-06-30 14:09:18,718 [INFO] PluginManager:220 - loadIPPluginJar : add cryp
2025-06-30 14:09:18,721 [INFO] IPUIPlugin:80 - create IPUIPlugin
2025-06-30 14:09:18,721 [INFO] PluginManager:220 - loadIPPluginJar : add ddr_ctrl_phy
2025-06-30 14:09:18,723 [INFO] IPUIPlugin:80 - create IPUIPlugin
2025-06-30 14:09:18,723 [INFO] PluginManager:220 - loadIPPluginJar : add dfsdm
2025-06-30 14:09:18,728 [INFO] IPUIPlugin:80 - create IPUIPlugin
2025-06-30 14:09:18,729 [INFO] PluginManager:220 - loadIPPluginJar : add dma
2025-06-30 14:09:18,733 [INFO] IPUIPlugin:80 - create IPUIPlugin
2025-06-30 14:09:18,733 [INFO] PluginManager:220 - loadIPPluginJar : add dma3
2025-06-30 14:09:18,735 [INFO] IPUIPlugin:80 - create IPUIPlugin
2025-06-30 14:09:18,735 [INFO] PluginManager:220 - loadIPPluginJar : add extmemmanager
2025-06-30 14:09:18,737 [INFO] IPUIPlugin:80 - create IPUIPlugin
2025-06-30 14:09:18,737 [INFO] PluginManager:220 - loadIPPluginJar : add fatfs
2025-06-30 14:09:18,741 [INFO] IPUIPlugin:80 - create IPUIPlugin
2025-06-30 14:09:18,741 [INFO] PluginManager:220 - loadIPPluginJar : add fmc
2025-06-30 14:09:18,749 [INFO] IPUIPlugin:80 - create IPUIPlugin
2025-06-30 14:09:18,749 [INFO] PluginManager:220 - loadIPPluginJar : add freertos
2025-06-30 14:09:18,751 [INFO] IPUIPlugin:80 - create IPUIPlugin
2025-06-30 14:09:18,751 [INFO] PluginManager:220 - loadIPPluginJar : add genericplugin
2025-06-30 14:09:18,753 [INFO] IPUIPlugin:80 - create IPUIPlugin
2025-06-30 14:09:18,753 [INFO] PluginManager:220 - loadIPPluginJar : add gfxmmu
2025-06-30 14:09:18,758 [INFO] IPUIPlugin:80 - create IPUIPlugin
2025-06-30 14:09:18,758 [INFO] PluginManager:220 - loadIPPluginJar : add gic
2025-06-30 14:09:18,761 [INFO] IPUIPlugin:80 - create IPUIPlugin
2025-06-30 14:09:18,761 [INFO] PluginManager:220 - loadIPPluginJar : add gpio
2025-06-30 14:09:18,764 [INFO] IPUIPlugin:80 - create IPUIPlugin
2025-06-30 14:09:18,764 [INFO] PluginManager:220 - loadIPPluginJar : add gtzc
2025-06-30 14:09:18,766 [INFO] IPUIPlugin:80 - create IPUIPlugin
2025-06-30 14:09:18,766 [INFO] PluginManager:220 - loadIPPluginJar : add hash
2025-06-30 14:09:18,769 [INFO] IPUIPlugin:80 - create IPUIPlugin
2025-06-30 14:09:18,769 [INFO] PluginManager:220 - loadIPPluginJar : add i2c
2025-06-30 14:09:18,771 [INFO] IPUIPlugin:80 - create IPUIPlugin
2025-06-30 14:09:18,771 [INFO] PluginManager:220 - loadIPPluginJar : add i2s
2025-06-30 14:09:18,774 [INFO] IPUIPlugin:80 - create IPUIPlugin
2025-06-30 14:09:18,774 [INFO] PluginManager:220 - loadIPPluginJar : add i3c
2025-06-30 14:09:18,778 [INFO] IPUIPlugin:80 - create IPUIPlugin
2025-06-30 14:09:18,779 [INFO] PluginManager:220 - loadIPPluginJar : add ipddr
2025-06-30 14:09:18,786 [INFO] IPUIPlugin:80 - create IPUIPlugin
2025-06-30 14:09:18,786 [INFO] PluginManager:220 - loadIPPluginJar : add linkedlist
2025-06-30 14:09:18,790 [INFO] IPUIPlugin:80 - create IPUIPlugin
2025-06-30 14:09:18,790 [INFO] PluginManager:220 - loadIPPluginJar : add lorawan
2025-06-30 14:09:18,792 [INFO] IPUIPlugin:80 - create IPUIPlugin
2025-06-30 14:09:18,793 [INFO] PluginManager:220 - loadIPPluginJar : add ltdc
2025-06-30 14:09:18,800 [INFO] IPUIPlugin:80 - create IPUIPlugin
2025-06-30 14:09:18,800 [INFO] PluginManager:220 - loadIPPluginJar : add mdma
2025-06-30 14:09:18,803 [INFO] IPUIPlugin:80 - create IPUIPlugin
2025-06-30 14:09:18,803 [INFO] PluginManager:220 - loadIPPluginJar : add nvic
2025-06-30 14:09:18,807 [INFO] IPUIPlugin:80 - create IPUIPlugin
2025-06-30 14:09:18,807 [INFO] PluginManager:220 - loadIPPluginJar : add opamp
2025-06-30 14:09:18,811 [INFO] IPUIPlugin:80 - create IPUIPlugin
2025-06-30 14:09:18,811 [INFO] PluginManager:220 - loadIPPluginJar : add openamp
2025-06-30 14:09:18,813 [INFO] IPUIPlugin:80 - create IPUIPlugin
2025-06-30 14:09:18,813 [INFO] PluginManager:220 - loadIPPluginJar : add pdm2pcm
2025-06-30 14:09:18,818 [INFO] IPUIPlugin:80 - create IPUIPlugin
2025-06-30 14:09:18,819 [INFO] PluginManager:220 - loadIPPluginJar : add plateformsettings
2025-06-30 14:09:18,821 [INFO] IPUIPlugin:80 - create IPUIPlugin
2025-06-30 14:09:18,821 [INFO] PluginManager:220 - loadIPPluginJar : add quadspi
2025-06-30 14:09:18,823 [INFO] IPUIPlugin:80 - create IPUIPlugin
2025-06-30 14:09:18,824 [INFO] PluginManager:220 - loadIPPluginJar : add radio
2025-06-30 14:09:18,827 [INFO] IPUIPlugin:80 - create IPUIPlugin
2025-06-30 14:09:18,827 [INFO] PluginManager:220 - loadIPPluginJar : add resmgrutility
2025-06-30 14:09:18,830 [INFO] IPUIPlugin:80 - create IPUIPlugin
2025-06-30 14:09:18,831 [INFO] PluginManager:220 - loadIPPluginJar : add sai
2025-06-30 14:09:18,833 [INFO] IPUIPlugin:80 - create IPUIPlugin
2025-06-30 14:09:18,834 [INFO] PluginManager:220 - loadIPPluginJar : add spi
2025-06-30 14:09:18,838 [INFO] IPUIPlugin:80 - create IPUIPlugin
2025-06-30 14:09:18,838 [INFO] PluginManager:220 - loadIPPluginJar : add stm32_wpan
2025-06-30 14:09:18,841 [INFO] IPUIPlugin:80 - create IPUIPlugin
2025-06-30 14:09:18,841 [INFO] PluginManager:220 - loadIPPluginJar : add tim
2025-06-30 14:09:18,843 [INFO] IPUIPlugin:80 - create IPUIPlugin
2025-06-30 14:09:18,843 [INFO] PluginManager:220 - loadIPPluginJar : add touchsensing
2025-06-30 14:09:18,845 [INFO] IPUIPlugin:80 - create IPUIPlugin
2025-06-30 14:09:18,846 [INFO] PluginManager:220 - loadIPPluginJar : add tracer_emb
2025-06-30 14:09:18,848 [INFO] IPUIPlugin:80 - create IPUIPlugin
2025-06-30 14:09:18,848 [INFO] PluginManager:220 - loadIPPluginJar : add ts
2025-06-30 14:09:18,850 [INFO] IPUIPlugin:80 - create IPUIPlugin
2025-06-30 14:09:18,850 [INFO] PluginManager:220 - loadIPPluginJar : add tsc
2025-06-30 14:09:18,853 [INFO] IPUIPlugin:80 - create IPUIPlugin
2025-06-30 14:09:18,853 [INFO] PluginManager:220 - loadIPPluginJar : add ucpd
2025-06-30 14:09:18,856 [INFO] IPUIPlugin:80 - create IPUIPlugin
2025-06-30 14:09:18,856 [INFO] PluginManager:220 - loadIPPluginJar : add usart
2025-06-30 14:09:18,859 [INFO] IPUIPlugin:80 - create IPUIPlugin
2025-06-30 14:09:18,859 [INFO] PluginManager:220 - loadIPPluginJar : add usbx
2025-06-30 14:09:18,975 [FATAL] Updater:351 - Updater called before beeing initialized
2025-06-30 14:09:18,996 [INFO] RulesReader:64 - Compatibility file has been processed (302 Rules)
2025-06-30 14:09:19,003 [INFO] RulesReader:64 - Compatibility file has been processed (302 Rules)
2025-06-30 14:09:19,014 [INFO] CADModel:165 - CPN selected for project level
2025-06-30 14:09:19,014 [INFO] CADModel:114 - Register for checkConnection events
2025-06-30 14:09:19,014 [FATAL] Updater:351 - Updater called before beeing initialized
2025-06-30 14:09:19,014 [ERROR] CADModel:125 - Updater not yet initialized, retry later 
2025-06-30 14:09:19,143 [FATAL] Updater:351 - Updater called before beeing initialized
2025-06-30 14:09:19,145 [INFO] CADModel:165 - CPN selected for project level
2025-06-30 14:09:19,145 [INFO] CADModel:114 - Register for checkConnection events
2025-06-30 14:09:19,145 [FATAL] Updater:351 - Updater called before beeing initialized
2025-06-30 14:09:19,145 [ERROR] CADModel:125 - Updater not yet initialized, retry later 
2025-06-30 14:09:19,147 [FATAL] Updater:351 - Updater called before beeing initialized
2025-06-30 14:09:19,254 [FATAL] Updater:351 - Updater called before beeing initialized
2025-06-30 14:09:19,261 [INFO] DbMcusAds:53 - JSON generation date=Thu Jun 19 17:32:34 KST 2025 (1750321954415)
2025-06-30 14:09:19,261 [FATAL] Updater:351 - Updater called before beeing initialized
2025-06-30 14:09:19,299 [WARN] DetailPanel:346 - Failed to get advertising image, set to default
2025-06-30 14:09:19,487 [FATAL] Updater:351 - Updater called before beeing initialized
2025-06-30 14:09:19,490 [FATAL] Updater:351 - Updater called before beeing initialized
2025-06-30 14:09:19,490 [FATAL] Updater:351 - Updater called before beeing initialized
2025-06-30 14:09:19,490 [WARN] DetailPanel:346 - Failed to get advertising image, set to default
2025-06-30 14:09:19,491 [FATAL] Updater:351 - Updater called before beeing initialized
2025-06-30 14:09:19,531 [ERROR] Updater:1198 - MainUpdater not yet initialized. External WinMGr cannot be set.
2025-06-30 14:09:19,535 [INFO] Updater:1134 - Updater Version found : 6.14.1
2025-06-30 14:09:19,551 [INFO] ApplicationProperties:184 - Using Application install path: C:\ST\STM32CubeIDE_1.18.1\STM32CubeIDE\plugins\com.st.stm32cube.common.mx_6.14.1.202504091515
2025-06-30 14:09:21,124 [ERROR] LogOutputStream:75 - [STDERR_REDIRECT] Jun 30, 2025 2:09:21 PM java.util.prefs.WindowsPreferences <init>
2025-06-30 14:09:21,125 [ERROR] LogOutputStream:75 - [STDERR_REDIRECT] WARNING: Could not open/create prefs root node Software\JavaSoft\Prefs at root 0xffffffff80000002. Windows RegCreateKeyEx(...) returned error code 5.
2025-06-30 14:09:21,125 [ERROR] LogOutputStream:75 - [STDERR_REDIRECT] 
2025-06-30 14:09:21,263 [INFO] ThirdPartyUpdaterWithRetryManager:70 - Updater plugin not ready yet. [2/15]
2025-06-30 14:09:21,496 [INFO] MainUpdater:2872 - connection check result : 10
2025-06-30 14:09:21,496 [INFO] MainUpdater:3566 - Updater definition file requires update
2025-06-30 14:09:21,497 [INFO] MainUpdater:289 - Updater Check For Update Now.
2025-06-30 14:09:21,497 [INFO] MicroXplorer:498 - Change Database Version : DB.6.0.141
2025-06-30 14:09:21,502 [INFO] McuFinderGlobals:63 - Set McuFinder mode to 2 (CubeIDE integrated)
2025-06-30 14:09:21,502 [INFO] UserAuth:171 - activating auth plugin
2025-06-30 14:09:21,504 [INFO] UserAuth:484 - Internet connection configuration mode: 1
2025-06-30 14:09:21,522 [INFO] JxBrowserEngine:152 - Initiate JxBrowser Engine with user profile folder
2025-06-30 14:09:21,542 [INFO] ServerAccessManage:473 - Download File updaters.zip
2025-06-30 14:09:21,679 [INFO] FileExtend:242 - Unzip File : updaters.zip
2025-06-30 14:09:21,679 [INFO] FileExtend:257 - Standard Zip Deflate
2025-06-30 14:09:22,031 [INFO] ServerAccessManage:473 - Download File PacksControlFlags.xml
2025-06-30 14:09:22,096 [INFO] ServerAccessManage:473 - Download File cubemx.pidx
2025-06-30 14:09:22,167 [INFO] LoadServerUpdatesThread:375 - End of LoadServerUpdate Thread
2025-06-30 14:09:22,317 [INFO] CheckServerUpdateThread:120 - End of CheckServer Thread
2025-06-30 14:09:22,781 [INFO] WebApp:169 - Instantiating new browser for Auth
2025-06-30 14:09:23,389 [INFO] WebApp:463 - Apply proxy settings
2025-06-30 14:09:23,389 [INFO] WebApp:548 - Chromium requires no authentication
2025-06-30 14:09:23,399 [INFO] WebApp:491 - Direct internet connection detected
2025-06-30 14:09:23,421 [INFO] WebApp:894 - Register for checkConnection events
2025-06-30 14:09:23,421 [INFO] WebApp:463 - Apply proxy settings
2025-06-30 14:09:23,421 [INFO] WebApp:548 - Chromium requires no authentication
2025-06-30 14:09:23,421 [INFO] WebApp:491 - Direct internet connection detected
2025-06-30 14:09:23,570 [INFO] WebApp:225 - Starting web application
2025-06-30 14:09:23,570 [INFO] WebApp:593 - Web application path used C:\ST\STM32CubeIDE_1.18.1\STM32CubeIDE\plugins\com.st.stm32cube.common.mx_6.14.1.202504091515\db\plugins\mcufinder\reactClient1\index.html
2025-06-30 14:09:23,708 [INFO] WebApp:191 - Connection restablished
2025-06-30 14:09:24,473 [WARN] PackLoader:240 - Cannot read IP mode file for STMicroelectronics.FP-SNS-MOTENVWB1.1.4.0
2025-06-30 14:09:24,481 [WARN] PackLoader:240 - Cannot read IP mode file for STMicroelectronics.FP-ATR-ASTRA1.2.0.2
2025-06-30 14:09:24,489 [WARN] PackLoader:240 - Cannot read IP mode file for STMicroelectronics.X-CUBE-SMBUS.2.1.0
2025-06-30 14:09:24,494 [WARN] PackLoader:240 - Cannot read IP mode file for STMicroelectronics.X-CUBE-ST60.1.0.0
2025-06-30 14:09:24,523 [WARN] PackLoader:240 - Cannot read IP mode file for STMicroelectronics.X-CUBE-AZRTOS-F7.1.1.0
2025-06-30 14:09:24,550 [WARN] PackLoader:240 - Cannot read IP mode file for Infineon.AIROC-Wi-Fi-Bluetooth-STM32.1.7.0
2025-06-30 14:09:24,562 [WARN] PackLoader:240 - Cannot read IP mode file for STMicroelectronics.X-CUBE-DISPLAY.3.0.0
2025-06-30 14:09:24,575 [WARN] PackLoader:240 - Cannot read IP mode file for STMicroelectronics.X-CUBE-NFC10.1.0.0
2025-06-30 14:09:24,585 [WARN] PackLoader:240 - Cannot read IP mode file for STMicroelectronics.X-CUBE-BLEMGR.4.0.0
2025-06-30 14:09:24,591 [WARN] PackLoader:240 - Cannot read IP mode file for emotas.I-CUBE-CANOPEN.1.3.0
2025-06-30 14:09:24,596 [WARN] ConditionMgr:438 - getConditionDescription Invalid condition id : Cortex-A Device cause : null
2025-06-30 14:09:24,610 [WARN] ConditionMgr:1044 - genDependencies : Invalid condition id : Cortex-A Device cause : null
2025-06-30 14:09:24,611 [WARN] ConditionMgr:1044 - genDependencies : Invalid condition id : Cortex-A Device cause : null
2025-06-30 14:09:24,611 [WARN] ConditionMgr:1044 - genDependencies : Invalid condition id : Cortex-A Device cause : null
2025-06-30 14:09:24,613 [WARN] PackLoader:240 - Cannot read IP mode file for STMicroelectronics.X-CUBE-AI.10.0.0
2025-06-30 14:09:24,618 [WARN] PackLoader:240 - Cannot read IP mode file for STMicroelectronics.FP-SNS-SMARTAG2.1.2.0
2025-06-30 14:09:24,622 [WARN] PackLoader:240 - Cannot read IP mode file for STMicroelectronics.FP-SNS-FLIGHT1.5.1.0
2025-06-30 14:09:24,629 [INFO] LogOutputStream:77 - [STDOUT_REDIRECT] 1 : Invalid condition id : UX_CORESTACK_Condition cause : null
2025-06-30 14:09:24,629 [INFO] LogOutputStream:77 - [STDOUT_REDIRECT] 1 : Invalid condition id : UX_CORESTACK_Condition cause : null
2025-06-30 14:09:24,631 [INFO] LogOutputStream:77 - [STDOUT_REDIRECT] 1 : Invalid condition id : UX_CORESTACK_Condition cause : null
2025-06-30 14:09:24,632 [INFO] LogOutputStream:77 - [STDOUT_REDIRECT] 1 : Invalid condition id : UX_CORESTACK_Condition cause : null
2025-06-30 14:09:24,633 [INFO] LogOutputStream:77 - [STDOUT_REDIRECT] 1 : Invalid condition id : UX_CORESTACK_Condition cause : null
2025-06-30 14:09:24,635 [WARN] PackLoader:240 - Cannot read IP mode file for STMicroelectronics.X-CUBE-AZRTOS-WL.2.0.0
2025-06-30 14:09:24,640 [WARN] PackLoader:240 - Cannot read IP mode file for STMicroelectronics.FP-SNS-MOTENV1.5.0.0
2025-06-30 14:09:24,649 [WARN] PackLoader:240 - Cannot read IP mode file for WES.I-CUBE-Cesium.1.3.0
2025-06-30 14:09:24,656 [WARN] PackLoader:240 - Cannot read IP mode file for STMicroelectronics.X-CUBE-BLE2.3.3.0
2025-06-30 14:09:24,661 [WARN] PackLoader:240 - Cannot read IP mode file for STMicroelectronics.X-CUBE-NFC9.1.0.0
2025-06-30 14:09:24,668 [WARN] PackLoader:240 - Cannot read IP mode file for wolfSSL.I-CUBE-wolfSSL.5.8.0
2025-06-30 14:09:24,672 [WARN] PackLoader:240 - Cannot read IP mode file for STMicroelectronics.X-CUBE-BLE1.7.1.0
2025-06-30 14:09:24,675 [WARN] PackLoader:240 - Cannot read IP mode file for wolfSSL.I-CUBE-wolfMQTT.1.19.2
2025-06-30 14:09:24,678 [WARN] PackLoader:240 - Cannot read IP mode file for STMicroelectronics.X-CUBE-AI.10.1.0
2025-06-30 14:09:24,711 [WARN] PackLoader:240 - Cannot read IP mode file for STMicroelectronics.X-CUBE-MEMS1.11.2.0
2025-06-30 14:09:24,809 [WARN] PackLoader:240 - Cannot read IP mode file for STMicroelectronics.X-CUBE-AZRTOS-G0.1.1.0
2025-06-30 14:09:24,815 [WARN] PackLoader:240 - Cannot read IP mode file for STMicroelectronics.X-CUBE-SAFEA1.1.2.2
2025-06-30 14:09:24,820 [WARN] PackLoader:240 - Cannot read IP mode file for STMicroelectronics.X-CUBE-NFC4.3.0.0
2025-06-30 14:09:24,826 [WARN] PackLoader:240 - Cannot read IP mode file for EmbeddedOffice.I-CUBE-FS-RTOS.1.0.1
2025-06-30 14:09:24,830 [WARN] PackLoader:240 - Cannot read IP mode file for STMicroelectronics.X-CUBE-WB05N.2.0.0
2025-06-30 14:09:24,834 [WARN] PackLoader:240 - Cannot read IP mode file for wolfSSL.I-CUBE-wolfTPM.3.8.0
2025-06-30 14:09:24,838 [WARN] PackLoader:240 - Cannot read IP mode file for STMicroelectronics.X-CUBE-TCPP.4.2.0
2025-06-30 14:09:24,843 [WARN] PackLoader:240 - Cannot read IP mode file for RealThread.X-CUBE-RT-Thread_Nano.4.1.1
2025-06-30 14:09:24,846 [WARN] PackLoader:240 - Cannot read IP mode file for STMicroelectronics.FP-ATR-SIGFOX1.3.2.0
2025-06-30 14:09:24,851 [WARN] PackLoader:240 - Cannot read IP mode file for STMicroelectronics.X-CUBE-EEPRMA1.5.1.0
2025-06-30 14:09:24,855 [WARN] PackLoader:240 - Cannot read IP mode file for ITTIA_DB.I-CUBE-ITTIADB.8.9.0
2025-06-30 14:09:24,864 [WARN] PackLoader:240 - Cannot read IP mode file for STMicroelectronics.X-CUBE-ST67W61.1.0.0
2025-06-30 14:09:24,881 [WARN] PackLoader:240 - Cannot read IP mode file for SEGGER.I-CUBE-embOS.1.3.1
2025-06-30 14:09:24,912 [WARN] PackLoader:240 - Cannot read IP mode file for STMicroelectronics.X-CUBE-ALGOBUILD.1.4.0
2025-06-30 14:09:24,945 [WARN] PackLoader:240 - Cannot read IP mode file for STMicroelectronics.X-CUBE-MEMS1.11.3.0
2025-06-30 14:09:25,037 [WARN] PackLoader:240 - Cannot read IP mode file for STMicroelectronics.X-CUBE-PM33A1.1.0.0
2025-06-30 14:09:25,047 [WARN] PackLoader:240 - Cannot read IP mode file for STMicroelectronics.X-CUBE-AZRTOS-F4.1.1.0
2025-06-30 14:09:25,052 [WARN] PackLoader:240 - Cannot read IP mode file for Avnet-IotConnect.X-CUBE-IoTC-DA16k-PMOD.1.0.0
2025-06-30 14:09:25,055 [WARN] PackLoader:240 - Cannot read IP mode file for STMicroelectronics.X-CUBE-ISPU.2.1.0
2025-06-30 14:09:25,064 [WARN] PackLoader:240 - Cannot read IP mode file for STMicroelectronics.X-CUBE-AZRTOS-L5.2.0.0
2025-06-30 14:09:25,072 [WARN] PackLoader:240 - Cannot read IP mode file for STMicroelectronics.X-CUBE-NFC6.3.1.0
2025-06-30 14:09:25,077 [WARN] PackLoader:240 - Cannot read IP mode file for STMicroelectronics.X-CUBE-FREERTOS.1.3.1
2025-06-30 14:09:25,081 [WARN] PackLoader:240 - Cannot read IP mode file for STMicroelectronics.FP-SNS-STAIOTCFT.1.0.0
2025-06-30 14:09:25,087 [WARN] PackLoader:240 - Cannot read IP mode file for STMicroelectronics.X-CUBE-DPower.1.3.0
2025-06-30 14:09:25,097 [WARN] ConditionMgr:438 - getConditionDescription Invalid condition id : LAN8742 Phy interface Condition cause : null
2025-06-30 14:09:25,098 [WARN] PackLoader:240 - Cannot read IP mode file for STMicroelectronics.X-CUBE-AZRTOS-L4.2.0.0
2025-06-30 14:09:25,098 [WARN] ConditionMgr:1044 - genDependencies : Invalid condition id : LAN8742 Phy interface Condition cause : null
2025-06-30 14:09:25,098 [WARN] ConditionMgr:1044 - genDependencies : Invalid condition id : LAN8742 Phy interface Condition cause : null
2025-06-30 14:09:25,099 [WARN] ConditionMgr:1044 - genDependencies : Invalid condition id : LAN8742 Phy interface Condition cause : null
2025-06-30 14:09:25,104 [WARN] PackLoader:240 - Cannot read IP mode file for STMicroelectronics.X-CUBE-SFXS2LP1.4.0.0
2025-06-30 14:09:25,116 [WARN] PackLoader:240 - Cannot read IP mode file for STMicroelectronics.X-CUBE-AZRTOS-H7.3.3.0
2025-06-30 14:09:25,124 [WARN] ConditionMgr:438 - getConditionDescription Invalid condition id : UX DEVICE CLASS RTOS Condition cause : null
2025-06-30 14:09:25,124 [WARN] ConditionMgr:438 - getConditionDescription Invalid condition id : UX DEVICE CLASS RTOS Condition cause : null
2025-06-30 14:09:25,125 [WARN] PackLoader:240 - Cannot read IP mode file for STMicroelectronics.X-CUBE-AZRTOS-WB.2.0.0
2025-06-30 14:09:25,126 [WARN] ConditionMgr:1044 - genDependencies : Invalid condition id : UX DEVICE CLASS RTOS Condition cause : null
2025-06-30 14:09:25,126 [WARN] ConditionMgr:1044 - genDependencies : Invalid condition id : UX DEVICE CLASS RTOS Condition cause : null
2025-06-30 14:09:25,126 [WARN] ConditionMgr:1044 - genDependencies : Invalid condition id : UX DEVICE CLASS RTOS Condition cause : null
2025-06-30 14:09:25,126 [WARN] ConditionMgr:1044 - genDependencies : Invalid condition id : UX DEVICE CLASS RTOS Condition cause : null
2025-06-30 14:09:25,126 [WARN] ConditionMgr:1044 - genDependencies : Invalid condition id : UX DEVICE CLASS RTOS Condition cause : null
2025-06-30 14:09:25,130 [WARN] PackLoader:240 - Cannot read IP mode file for STMicroelectronics.X-CUBE-GNSS1.7.0.1
2025-06-30 14:09:25,137 [WARN] PackLoader:240 - Cannot read IP mode file for STMicroelectronics.X-CUBE-TOUCHGFX.4.25.0
2025-06-30 14:09:25,141 [WARN] PackLoader:240 - Cannot read IP mode file for STMicroelectronics.FP-SNS-STBOX1.2.0.0
2025-06-30 14:09:25,149 [WARN] PackLoader:240 - Cannot read IP mode file for STMicroelectronics.X-CUBE-SUBG2.5.0.0
2025-06-30 14:09:25,160 [WARN] PackLoader:240 - Cannot read IP mode file for STMicroelectronics.X-CUBE-AZRTOS-H7RS.1.1.0
2025-06-30 14:09:25,165 [WARN] PackLoader:240 - Cannot read IP mode file for Cesanta.I-CUBE-Mongoose.7.13.0
2025-06-30 14:09:25,174 [WARN] PackLoader:240 - Cannot read IP mode file for STMicroelectronics.X-CUBE-AZRTOS-G4.2.0.0
2025-06-30 14:09:25,179 [WARN] PackLoader:240 - Cannot read IP mode file for wolfSSL.I-CUBE-wolfSSH.1.4.20
2025-06-30 14:09:25,183 [WARN] PackLoader:240 - Cannot read IP mode file for STMicroelectronics.X-CUBE-NFC7.2.0.0
2025-06-30 14:09:25,191 [WARN] PackLoader:240 - Cannot read IP mode file for STMicroelectronics.X-CUBE-IPS.3.1.0
2025-06-30 14:09:25,197 [WARN] PackLoader:240 - Cannot read IP mode file for STMicroelectronics.X-CUBE-ALS.1.0.2
2025-06-30 14:09:25,202 [WARN] PackLoader:240 - Cannot read IP mode file for portGmbH.I-Cube-SoM-uGOAL.1.1.0
2025-06-30 14:09:25,207 [WARN] PackLoader:240 - Cannot read IP mode file for STMicroelectronics.X-CUBE-TOF1.3.4.3
2025-06-30 14:09:25,215 [INFO] ThirdParty:978 - Integrity check success = true
2025-06-30 14:09:25,215 [INFO] IntegrityCheckThread:100 - exiting critical section [integrity check]
2025-06-30 14:09:25,215 [INFO] IntegrityCheckThread:103 - End integrity checks thread
2025-06-30 14:11:11,484 [ERROR] LogOutputStream:75 - [STDERR_REDIRECT] 
