2025-06-02 15:18:15,271 [INFO] Activator:176 - 


2025-06-02 15:18:15,274 [INFO] Activator:177 - !SESSION log4j initialized
2025-06-02 15:18:19,461 [INFO] LogOutputStream:77 - [STDOUT_REDIRECT] 
2025-06-02 15:18:21,382 [INFO] ApplicationProperties:184 - Using Application install path: C:\ST\STM32CubeIDE_1.18.1\STM32CubeIDE\plugins\com.st.stm32cube.common.mx_6.14.1.202504091515
2025-06-02 15:18:21,423 [INFO] DbMcusXml:78 - Set database path to: C:\ST\STM32CubeIDE_1.18.1\STM32CubeIDE\plugins\com.st.stm32cube.common.mx_6.14.1.202504091515\\db\/mcu/
2025-06-02 15:18:21,423 [INFO] ApiDb:274 - Set plugin database path to: C:\ST\STM32CubeIDE_1.18.1\STM32CubeIDE\plugins\com.st.stm32cube.common.mx_6.14.1.202504091515\\db\/plugins/boardmanager/
2025-06-02 15:18:21,424 [WARN] ApiDb:259 - Overriding images path with different value:  => C:\ST\STM32CubeIDE_1.18.1\STM32CubeIDE\plugins\com.st.stm32cube.common.mx_6.14.1.202504091515\\db\/plugins/mcufinder/images/
2025-06-02 15:18:21,440 [INFO] ApiDb:250 - Set database path to: C:\Users\kccistc\.stmcufinder\plugins\mcufinder//mcu/
2025-06-02 15:18:21,442 [INFO] DbMcusAds:125 - Set database path to: C:\Users\kccistc\.stmcufinder\plugins\mcufinder//mcu/
2025-06-02 15:18:21,449 [INFO] CrossReferenceDbSqlite:203 - Set database path to: C:\Users\kccistc\.stmcufinder\plugins\mcufinder//mcu/cs/
2025-06-02 15:18:21,745 [INFO] RulesReader:64 - Compatibility file has been processed (302 Rules)
2025-06-02 15:18:21,967 [INFO] DbMcusXml:78 - Set database path to: C:\ST\STM32CubeIDE_1.18.1\STM32CubeIDE\plugins\com.st.stm32cube.common.mx_6.14.1.202504091515\\db\/mcu/
2025-06-02 15:18:21,967 [INFO] ApiDb:274 - Set plugin database path to: C:\ST\STM32CubeIDE_1.18.1\STM32CubeIDE\plugins\com.st.stm32cube.common.mx_6.14.1.202504091515\\db\/plugins/boardmanager/
2025-06-02 15:18:21,967 [INFO] ApiDb:261 - Set plugin images path to: C:\ST\STM32CubeIDE_1.18.1\STM32CubeIDE\plugins\com.st.stm32cube.common.mx_6.14.1.202504091515\\db\/plugins/mcufinder/images/
2025-06-02 15:18:21,967 [WARN] DbFile:41 - Overriding database path with different value: C:\Users\kccistc\.stmcufinder\plugins\mcufinder/ => C:\Users\kccistc\.stmcufinder\plugins\mcufinder
2025-06-02 15:18:21,967 [INFO] ApiDb:250 - Set database path to: C:\Users\kccistc\.stmcufinder\plugins\mcufinder//mcu/
2025-06-02 15:18:21,967 [WARN] DbFile:41 - Overriding database path with different value: C:\Users\kccistc\.stmcufinder\plugins\mcufinder/ => C:\Users\kccistc\.stmcufinder\plugins\mcufinder
2025-06-02 15:18:21,968 [INFO] DbMcusAds:125 - Set database path to: C:\Users\kccistc\.stmcufinder\plugins\mcufinder//mcu/
2025-06-02 15:18:21,968 [WARN] DbFile:41 - Overriding database path with different value: C:\Users\kccistc\.stmcufinder\plugins\mcufinder/ => C:\Users\kccistc\.stmcufinder\plugins\mcufinder
2025-06-02 15:18:21,968 [WARN] DbFile:41 - Overriding database path with different value: C:\Users\kccistc\.stmcufinder\plugins\mcufinder/ => C:\Users\kccistc\.stmcufinder\plugins\mcufinder
2025-06-02 15:18:21,968 [INFO] CrossReferenceDbSqlite:203 - Set database path to: C:\Users\kccistc\.stmcufinder\plugins\mcufinder//mcu/cs/
2025-06-02 15:18:22,124 [INFO] MainPanel:272 - HeapMemory: 268435456
2025-06-02 15:18:22,442 [INFO] DbMcusXml:78 - Set database path to: C:\ST\STM32CubeIDE_1.18.1\STM32CubeIDE\plugins\com.st.stm32cube.common.mx_6.14.1.202504091515\\db\/mcu/
2025-06-02 15:18:22,442 [INFO] ApiDb:274 - Set plugin database path to: C:\ST\STM32CubeIDE_1.18.1\STM32CubeIDE\plugins\com.st.stm32cube.common.mx_6.14.1.202504091515\\db\/plugins/boardmanager/
2025-06-02 15:18:22,442 [INFO] ApiDb:261 - Set plugin images path to: C:\ST\STM32CubeIDE_1.18.1\STM32CubeIDE\plugins\com.st.stm32cube.common.mx_6.14.1.202504091515\\db\/plugins/mcufinder/images/
2025-06-02 15:18:22,443 [WARN] DbFile:41 - Overriding database path with different value: C:\Users\kccistc\.stmcufinder\plugins\mcufinder/ => C:\Users\kccistc\.stmcufinder\plugins\mcufinder
2025-06-02 15:18:22,444 [INFO] ApiDb:250 - Set database path to: C:\Users\kccistc\.stmcufinder\plugins\mcufinder//mcu/
2025-06-02 15:18:22,444 [WARN] DbFile:41 - Overriding database path with different value: C:\Users\kccistc\.stmcufinder\plugins\mcufinder/ => C:\Users\kccistc\.stmcufinder\plugins\mcufinder
2025-06-02 15:18:22,444 [INFO] DbMcusAds:125 - Set database path to: C:\Users\kccistc\.stmcufinder\plugins\mcufinder//mcu/
2025-06-02 15:18:22,444 [WARN] DbFile:41 - Overriding database path with different value: C:\Users\kccistc\.stmcufinder\plugins\mcufinder/ => C:\Users\kccistc\.stmcufinder\plugins\mcufinder
2025-06-02 15:18:22,444 [WARN] DbFile:41 - Overriding database path with different value: C:\Users\kccistc\.stmcufinder\plugins\mcufinder/ => C:\Users\kccistc\.stmcufinder\plugins\mcufinder
2025-06-02 15:18:22,444 [INFO] CrossReferenceDbSqlite:203 - Set database path to: C:\Users\kccistc\.stmcufinder\plugins\mcufinder//mcu/cs/
2025-06-02 15:18:22,476 [INFO] ApplicationProperties:184 - Using Application install path: C:\ST\STM32CubeIDE_1.18.1\STM32CubeIDE\plugins\com.st.stm32cube.common.mx_6.14.1.202504091515
2025-06-02 15:18:22,480 [INFO] PluginManage:196 - Search for loadable plugins [exclusion list=, ]
2025-06-02 15:18:22,485 [INFO] PluginManage:310 - Check plugin analytics
2025-06-02 15:18:23,050 [INFO] AnalyticsPlugin:253 - Accepted Software Licenses: 
2025-06-02 15:18:23,050 [INFO] AnalyticsPlugin:255 - Accepted CMSIS Pack Licenses: 
2025-06-02 15:18:23,050 [INFO] AnalyticsPlugin:257 - Accepted Firmware Licenses: FW.F4.1.28.0
2025-06-02 15:18:23,057 [INFO] PluginManage:359 - Loaded plugin analytics (category:tool,tabindex:-1)
2025-06-02 15:18:23,057 [INFO] PluginManage:310 - Check plugin cadmodel
2025-06-02 15:18:23,066 [INFO] CADModel:105 - Init CAD model plugin
2025-06-02 15:18:23,067 [INFO] PluginManage:359 - Loaded plugin cadmodel (category:power,tabindex:5)
2025-06-02 15:18:23,067 [INFO] PluginManage:310 - Check plugin clock
2025-06-02 15:18:23,088 [INFO] PluginManage:359 - Loaded plugin clock (category:base,tabindex:2)
2025-06-02 15:18:23,088 [INFO] PluginManage:310 - Check plugin ddr
2025-06-02 15:18:23,095 [INFO] PluginManage:359 - Loaded plugin ddr (category:tool,tabindex:6)
2025-06-02 15:18:23,095 [INFO] PluginManage:310 - Check plugin filemanager
2025-06-02 15:18:23,377 [INFO] PluginManage:359 - Loaded plugin filemanager (category:base,tabindex:10)
2025-06-02 15:18:23,377 [INFO] PluginManage:310 - Check plugin ipmanager
2025-06-02 15:18:23,389 [INFO] PluginManage:359 - Loaded plugin ipmanager (category:base,tabindex:5)
2025-06-02 15:18:23,390 [INFO] PluginManage:310 - Check plugin lpbam
2025-06-02 15:18:23,404 [INFO] PluginManage:359 - Loaded plugin lpbam (category:base,tabindex:0)
2025-06-02 15:18:23,404 [INFO] PluginManage:310 - Check plugin memorymap
2025-06-02 15:18:23,447 [INFO] PluginManage:359 - Loaded plugin memorymap (category:base,tabindex:4)
2025-06-02 15:18:23,447 [INFO] PluginManage:310 - Check plugin pinoutandconfiguration
2025-06-02 15:18:23,467 [INFO] PluginManage:359 - Loaded plugin pinoutandconfiguration (category:base,tabindex:1)
2025-06-02 15:18:23,467 [INFO] PluginManage:310 - Check plugin pinoutconfig
2025-06-02 15:18:23,588 [WARN] SupportedApi:132 - Cannot load RTOS API schema: s4s-elt-must-match.1: The content of 'definitions' must match (annotation?, (simpleType | complexType)?, (unique | key | keyref)*)). A problem was found starting at: attribute.
2025-06-02 15:18:23,698 [INFO] PluginManage:359 - Loaded plugin pinoutconfig (category:base,tabindex:0)
2025-06-02 15:18:23,699 [INFO] PluginManage:310 - Check plugin power
2025-06-02 15:18:23,706 [INFO] PluginManage:359 - Loaded plugin power (category:power,tabindex:4)
2025-06-02 15:18:23,706 [INFO] PluginManage:310 - Check plugin projectmanager
2025-06-02 15:18:23,726 [INFO] PluginManage:359 - Loaded plugin projectmanager (category:projectmanager,tabindex:4)
2025-06-02 15:18:23,726 [INFO] PluginManage:310 - Check plugin rif
2025-06-02 15:18:23,739 [INFO] PluginManage:359 - Loaded plugin rif (category:base,tabindex:3)
2025-06-02 15:18:23,739 [INFO] PluginManage:310 - Check plugin thirdparty
2025-06-02 15:18:23,882 [INFO] PluginManage:359 - Loaded plugin thirdparty (category:base,tabindex:-1)
2025-06-02 15:18:23,881 [WARN] IntegrityCheckThread:84 - waiting for thirdparty lock release [integrity check]
2025-06-02 15:18:23,882 [INFO] PluginManage:310 - Check plugin tools
2025-06-02 15:18:23,882 [INFO] IntegrityCheckThread:86 - entering critical section [integrity check]
2025-06-02 15:18:23,883 [INFO] ThirdPartyUpdaterWithRetryManager:70 - Updater plugin not ready yet. [1/15]
2025-06-02 15:18:23,885 [INFO] PluginManage:359 - Loaded plugin tools (category:base,tabindex:7)
2025-06-02 15:18:23,885 [INFO] PluginManage:310 - Check plugin tutovideos
2025-06-02 15:18:24,010 [INFO] PluginManage:359 - Loaded plugin tutovideos (category:base,tabindex:-1)
2025-06-02 15:18:24,010 [INFO] PluginManage:310 - Check plugin updater
2025-06-02 15:18:24,027 [INFO] PluginManage:359 - Loaded plugin updater (category:base,tabindex:12)
2025-06-02 15:18:24,027 [INFO] PluginManage:310 - Check plugin userauth
2025-06-02 15:18:24,038 [INFO] UserAuth:118 - Init User Auth plugin
2025-06-02 15:18:24,039 [INFO] PluginManage:359 - Loaded plugin userauth (category:base,tabindex:14)
2025-06-02 15:18:24,040 [INFO] PluginManage:283 - PluginManage : Loaded plugins [18]
2025-06-02 15:18:24,240 [INFO] PinOutPanel:1589 - setPackage(No Configuration,No Configuration)
2025-06-02 15:18:24,310 [INFO] CADModel:165 - CPN selected for project level
2025-06-02 15:18:24,310 [INFO] CADModel:114 - Register for checkConnection events
2025-06-02 15:18:24,326 [INFO] IPUIPlugin:80 - create IPUIPlugin
2025-06-02 15:18:24,326 [INFO] PluginManager:220 - loadIPPluginJar : add adc
2025-06-02 15:18:24,328 [INFO] IPUIPlugin:80 - create IPUIPlugin
2025-06-02 15:18:24,328 [INFO] PluginManager:220 - loadIPPluginJar : add aes
2025-06-02 15:18:24,330 [INFO] IPUIPlugin:80 - create IPUIPlugin
2025-06-02 15:18:24,331 [INFO] PluginManager:220 - loadIPPluginJar : add can
2025-06-02 15:18:24,332 [INFO] IPUIPlugin:80 - create IPUIPlugin
2025-06-02 15:18:24,333 [INFO] PluginManager:220 - loadIPPluginJar : add comp
2025-06-02 15:18:24,334 [INFO] IPUIPlugin:80 - create IPUIPlugin
2025-06-02 15:18:24,334 [INFO] PluginManager:220 - loadIPPluginJar : add cryp
2025-06-02 15:18:24,337 [INFO] IPUIPlugin:80 - create IPUIPlugin
2025-06-02 15:18:24,337 [INFO] PluginManager:220 - loadIPPluginJar : add ddr_ctrl_phy
2025-06-02 15:18:24,339 [INFO] IPUIPlugin:80 - create IPUIPlugin
2025-06-02 15:18:24,339 [INFO] PluginManager:220 - loadIPPluginJar : add dfsdm
2025-06-02 15:18:24,343 [INFO] IPUIPlugin:80 - create IPUIPlugin
2025-06-02 15:18:24,343 [INFO] PluginManager:220 - loadIPPluginJar : add dma
2025-06-02 15:18:24,345 [INFO] IPUIPlugin:80 - create IPUIPlugin
2025-06-02 15:18:24,346 [INFO] PluginManager:220 - loadIPPluginJar : add dma3
2025-06-02 15:18:24,348 [INFO] IPUIPlugin:80 - create IPUIPlugin
2025-06-02 15:18:24,348 [INFO] PluginManager:220 - loadIPPluginJar : add extmemmanager
2025-06-02 15:18:24,349 [INFO] IPUIPlugin:80 - create IPUIPlugin
2025-06-02 15:18:24,349 [INFO] PluginManager:220 - loadIPPluginJar : add fatfs
2025-06-02 15:18:24,352 [INFO] IPUIPlugin:80 - create IPUIPlugin
2025-06-02 15:18:24,352 [INFO] PluginManager:220 - loadIPPluginJar : add fmc
2025-06-02 15:18:24,357 [INFO] IPUIPlugin:80 - create IPUIPlugin
2025-06-02 15:18:24,357 [INFO] PluginManager:220 - loadIPPluginJar : add freertos
2025-06-02 15:18:24,358 [INFO] IPUIPlugin:80 - create IPUIPlugin
2025-06-02 15:18:24,358 [INFO] PluginManager:220 - loadIPPluginJar : add genericplugin
2025-06-02 15:18:24,360 [INFO] IPUIPlugin:80 - create IPUIPlugin
2025-06-02 15:18:24,360 [INFO] PluginManager:220 - loadIPPluginJar : add gfxmmu
2025-06-02 15:18:24,364 [INFO] IPUIPlugin:80 - create IPUIPlugin
2025-06-02 15:18:24,364 [INFO] PluginManager:220 - loadIPPluginJar : add gic
2025-06-02 15:18:24,367 [INFO] IPUIPlugin:80 - create IPUIPlugin
2025-06-02 15:18:24,367 [INFO] PluginManager:220 - loadIPPluginJar : add gpio
2025-06-02 15:18:24,369 [INFO] IPUIPlugin:80 - create IPUIPlugin
2025-06-02 15:18:24,369 [INFO] PluginManager:220 - loadIPPluginJar : add gtzc
2025-06-02 15:18:24,371 [INFO] IPUIPlugin:80 - create IPUIPlugin
2025-06-02 15:18:24,371 [INFO] PluginManager:220 - loadIPPluginJar : add hash
2025-06-02 15:18:24,373 [INFO] IPUIPlugin:80 - create IPUIPlugin
2025-06-02 15:18:24,373 [INFO] PluginManager:220 - loadIPPluginJar : add i2c
2025-06-02 15:18:24,374 [INFO] IPUIPlugin:80 - create IPUIPlugin
2025-06-02 15:18:24,375 [INFO] PluginManager:220 - loadIPPluginJar : add i2s
2025-06-02 15:18:24,377 [INFO] IPUIPlugin:80 - create IPUIPlugin
2025-06-02 15:18:24,377 [INFO] PluginManager:220 - loadIPPluginJar : add i3c
2025-06-02 15:18:24,379 [INFO] IPUIPlugin:80 - create IPUIPlugin
2025-06-02 15:18:24,380 [INFO] PluginManager:220 - loadIPPluginJar : add ipddr
2025-06-02 15:18:24,384 [INFO] IPUIPlugin:80 - create IPUIPlugin
2025-06-02 15:18:24,385 [INFO] PluginManager:220 - loadIPPluginJar : add linkedlist
2025-06-02 15:18:24,387 [INFO] IPUIPlugin:80 - create IPUIPlugin
2025-06-02 15:18:24,387 [INFO] PluginManager:220 - loadIPPluginJar : add lorawan
2025-06-02 15:18:24,389 [INFO] IPUIPlugin:80 - create IPUIPlugin
2025-06-02 15:18:24,389 [INFO] PluginManager:220 - loadIPPluginJar : add ltdc
2025-06-02 15:18:24,393 [INFO] IPUIPlugin:80 - create IPUIPlugin
2025-06-02 15:18:24,394 [INFO] PluginManager:220 - loadIPPluginJar : add mdma
2025-06-02 15:18:24,398 [INFO] IPUIPlugin:80 - create IPUIPlugin
2025-06-02 15:18:24,398 [INFO] PluginManager:220 - loadIPPluginJar : add nvic
2025-06-02 15:18:24,401 [INFO] IPUIPlugin:80 - create IPUIPlugin
2025-06-02 15:18:24,401 [INFO] PluginManager:220 - loadIPPluginJar : add opamp
2025-06-02 15:18:24,403 [INFO] IPUIPlugin:80 - create IPUIPlugin
2025-06-02 15:18:24,403 [INFO] PluginManager:220 - loadIPPluginJar : add openamp
2025-06-02 15:18:24,406 [INFO] IPUIPlugin:80 - create IPUIPlugin
2025-06-02 15:18:24,406 [INFO] PluginManager:220 - loadIPPluginJar : add pdm2pcm
2025-06-02 15:18:24,410 [INFO] IPUIPlugin:80 - create IPUIPlugin
2025-06-02 15:18:24,411 [INFO] PluginManager:220 - loadIPPluginJar : add plateformsettings
2025-06-02 15:18:24,413 [INFO] IPUIPlugin:80 - create IPUIPlugin
2025-06-02 15:18:24,413 [INFO] PluginManager:220 - loadIPPluginJar : add quadspi
2025-06-02 15:18:24,414 [INFO] IPUIPlugin:80 - create IPUIPlugin
2025-06-02 15:18:24,415 [INFO] PluginManager:220 - loadIPPluginJar : add radio
2025-06-02 15:18:24,418 [INFO] IPUIPlugin:80 - create IPUIPlugin
2025-06-02 15:18:24,418 [INFO] PluginManager:220 - loadIPPluginJar : add resmgrutility
2025-06-02 15:18:24,421 [INFO] IPUIPlugin:80 - create IPUIPlugin
2025-06-02 15:18:24,421 [INFO] PluginManager:220 - loadIPPluginJar : add sai
2025-06-02 15:18:24,423 [INFO] IPUIPlugin:80 - create IPUIPlugin
2025-06-02 15:18:24,423 [INFO] PluginManager:220 - loadIPPluginJar : add spi
2025-06-02 15:18:24,427 [INFO] IPUIPlugin:80 - create IPUIPlugin
2025-06-02 15:18:24,427 [INFO] PluginManager:220 - loadIPPluginJar : add stm32_wpan
2025-06-02 15:18:24,428 [INFO] IPUIPlugin:80 - create IPUIPlugin
2025-06-02 15:18:24,428 [INFO] PluginManager:220 - loadIPPluginJar : add tim
2025-06-02 15:18:24,430 [INFO] IPUIPlugin:80 - create IPUIPlugin
2025-06-02 15:18:24,430 [INFO] PluginManager:220 - loadIPPluginJar : add touchsensing
2025-06-02 15:18:24,432 [INFO] IPUIPlugin:80 - create IPUIPlugin
2025-06-02 15:18:24,432 [INFO] PluginManager:220 - loadIPPluginJar : add tracer_emb
2025-06-02 15:18:24,433 [INFO] IPUIPlugin:80 - create IPUIPlugin
2025-06-02 15:18:24,433 [INFO] PluginManager:220 - loadIPPluginJar : add ts
2025-06-02 15:18:24,435 [INFO] IPUIPlugin:80 - create IPUIPlugin
2025-06-02 15:18:24,435 [INFO] PluginManager:220 - loadIPPluginJar : add tsc
2025-06-02 15:18:24,436 [INFO] IPUIPlugin:80 - create IPUIPlugin
2025-06-02 15:18:24,436 [INFO] PluginManager:220 - loadIPPluginJar : add ucpd
2025-06-02 15:18:24,438 [INFO] IPUIPlugin:80 - create IPUIPlugin
2025-06-02 15:18:24,438 [INFO] PluginManager:220 - loadIPPluginJar : add usart
2025-06-02 15:18:24,440 [INFO] IPUIPlugin:80 - create IPUIPlugin
2025-06-02 15:18:24,441 [INFO] PluginManager:220 - loadIPPluginJar : add usbx
2025-06-02 15:18:24,550 [FATAL] Updater:351 - Updater called before beeing initialized
2025-06-02 15:18:24,577 [INFO] RulesReader:64 - Compatibility file has been processed (302 Rules)
2025-06-02 15:18:24,585 [INFO] RulesReader:64 - Compatibility file has been processed (302 Rules)
2025-06-02 15:18:24,597 [INFO] CADModel:165 - CPN selected for project level
2025-06-02 15:18:24,597 [INFO] CADModel:114 - Register for checkConnection events
2025-06-02 15:18:24,597 [FATAL] Updater:351 - Updater called before beeing initialized
2025-06-02 15:18:24,597 [ERROR] CADModel:125 - Updater not yet initialized, retry later 
2025-06-02 15:18:24,723 [FATAL] Updater:351 - Updater called before beeing initialized
2025-06-02 15:18:24,725 [INFO] CADModel:165 - CPN selected for project level
2025-06-02 15:18:24,725 [INFO] CADModel:114 - Register for checkConnection events
2025-06-02 15:18:24,725 [FATAL] Updater:351 - Updater called before beeing initialized
2025-06-02 15:18:24,725 [ERROR] CADModel:125 - Updater not yet initialized, retry later 
2025-06-02 15:18:24,728 [FATAL] Updater:351 - Updater called before beeing initialized
2025-06-02 15:18:24,841 [FATAL] Updater:351 - Updater called before beeing initialized
2025-06-02 15:18:24,846 [INFO] DbMcusAds:53 - JSON generation date=Wed May 07 18:07:55 KST 2025 (1746608875484)
2025-06-02 15:18:24,846 [FATAL] Updater:351 - Updater called before beeing initialized
2025-06-02 15:18:24,880 [WARN] DetailPanel:346 - Failed to get advertising image, set to default
2025-06-02 15:18:25,062 [FATAL] Updater:351 - Updater called before beeing initialized
2025-06-02 15:18:25,065 [FATAL] Updater:351 - Updater called before beeing initialized
2025-06-02 15:18:25,065 [FATAL] Updater:351 - Updater called before beeing initialized
2025-06-02 15:18:25,065 [WARN] DetailPanel:346 - Failed to get advertising image, set to default
2025-06-02 15:18:25,066 [FATAL] Updater:351 - Updater called before beeing initialized
2025-06-02 15:18:25,104 [ERROR] Updater:1198 - MainUpdater not yet initialized. External WinMGr cannot be set.
2025-06-02 15:18:25,106 [INFO] Updater:1134 - Updater Version found : 6.14.1
2025-06-02 15:18:25,122 [INFO] ApplicationProperties:184 - Using Application install path: C:\ST\STM32CubeIDE_1.18.1\STM32CubeIDE\plugins\com.st.stm32cube.common.mx_6.14.1.202504091515
2025-06-02 15:18:26,700 [ERROR] LogOutputStream:75 - [STDERR_REDIRECT] Jun 02, 2025 3:18:26 PM java.util.prefs.WindowsPreferences <init>
2025-06-02 15:18:26,702 [ERROR] LogOutputStream:75 - [STDERR_REDIRECT] WARNING: Could not open/create prefs root node Software\JavaSoft\Prefs at root 0xffffffff80000002. Windows RegCreateKeyEx(...) returned error code 5.
2025-06-02 15:18:26,703 [ERROR] LogOutputStream:75 - [STDERR_REDIRECT] 
2025-06-02 15:18:26,884 [INFO] ThirdPartyUpdaterWithRetryManager:70 - Updater plugin not ready yet. [2/15]
2025-06-02 15:18:27,283 [INFO] MainUpdater:2872 - connection check result : 10
2025-06-02 15:18:27,284 [INFO] MainUpdater:289 - Updater Check For Update Now.
2025-06-02 15:18:27,284 [INFO] MicroXplorer:498 - Change Database Version : DB.6.0.141
2025-06-02 15:18:27,313 [INFO] McuFinderGlobals:63 - Set McuFinder mode to 2 (CubeIDE integrated)
2025-06-02 15:18:27,313 [INFO] UserAuth:171 - activating auth plugin
2025-06-02 15:18:27,317 [INFO] UserAuth:484 - Internet connection configuration mode: 1
2025-06-02 15:18:27,366 [INFO] JxBrowserEngine:152 - Initiate JxBrowser Engine with user profile folder
2025-06-02 15:18:27,467 [INFO] CheckServerUpdateThread:120 - End of CheckServer Thread
2025-06-02 15:18:29,141 [INFO] WebApp:169 - Instantiating new browser for Auth
2025-06-02 15:18:29,673 [INFO] WebApp:463 - Apply proxy settings
2025-06-02 15:18:29,673 [INFO] WebApp:548 - Chromium requires no authentication
2025-06-02 15:18:29,680 [INFO] WebApp:491 - Direct internet connection detected
2025-06-02 15:18:29,699 [INFO] WebApp:894 - Register for checkConnection events
2025-06-02 15:18:29,699 [INFO] WebApp:463 - Apply proxy settings
2025-06-02 15:18:29,699 [INFO] WebApp:548 - Chromium requires no authentication
2025-06-02 15:18:29,700 [INFO] WebApp:491 - Direct internet connection detected
2025-06-02 15:18:29,827 [INFO] WebApp:225 - Starting web application
2025-06-02 15:18:29,827 [INFO] WebApp:593 - Web application path used C:\ST\STM32CubeIDE_1.18.1\STM32CubeIDE\plugins\com.st.stm32cube.common.mx_6.14.1.202504091515\db\plugins\mcufinder\reactClient1\index.html
2025-06-02 15:18:30,121 [INFO] WebApp:191 - Connection restablished
2025-06-02 15:18:30,142 [WARN] PackLoader:240 - Cannot read IP mode file for STMicroelectronics.FP-SNS-MOTENVWB1.1.4.0
2025-06-02 15:18:30,153 [WARN] PackLoader:240 - Cannot read IP mode file for STMicroelectronics.FP-ATR-ASTRA1.2.0.2
2025-06-02 15:18:30,165 [WARN] PackLoader:240 - Cannot read IP mode file for STMicroelectronics.X-CUBE-SMBUS.2.1.0
2025-06-02 15:18:30,173 [WARN] PackLoader:240 - Cannot read IP mode file for STMicroelectronics.X-CUBE-ST60.1.0.0
2025-06-02 15:18:30,204 [WARN] PackLoader:240 - Cannot read IP mode file for STMicroelectronics.X-CUBE-AZRTOS-F7.1.1.0
2025-06-02 15:18:30,232 [WARN] PackLoader:240 - Cannot read IP mode file for Infineon.AIROC-Wi-Fi-Bluetooth-STM32.1.7.0
2025-06-02 15:18:30,244 [WARN] PackLoader:240 - Cannot read IP mode file for STMicroelectronics.X-CUBE-DISPLAY.3.0.0
2025-06-02 15:18:30,264 [WARN] PackLoader:240 - Cannot read IP mode file for STMicroelectronics.X-CUBE-NFC10.1.0.0
2025-06-02 15:18:30,272 [WARN] PackLoader:240 - Cannot read IP mode file for STMicroelectronics.X-CUBE-BLEMGR.4.0.0
2025-06-02 15:18:30,279 [WARN] PackLoader:240 - Cannot read IP mode file for emotas.I-CUBE-CANOPEN.1.3.0
2025-06-02 15:18:30,284 [WARN] ConditionMgr:438 - getConditionDescription Invalid condition id : Cortex-A Device cause : null
2025-06-02 15:18:30,305 [WARN] ConditionMgr:1044 - genDependencies : Invalid condition id : Cortex-A Device cause : null
2025-06-02 15:18:30,305 [WARN] ConditionMgr:1044 - genDependencies : Invalid condition id : Cortex-A Device cause : null
2025-06-02 15:18:30,305 [WARN] ConditionMgr:1044 - genDependencies : Invalid condition id : Cortex-A Device cause : null
2025-06-02 15:18:30,309 [WARN] PackLoader:240 - Cannot read IP mode file for STMicroelectronics.X-CUBE-AI.10.0.0
2025-06-02 15:18:30,313 [WARN] PackLoader:240 - Cannot read IP mode file for STMicroelectronics.FP-SNS-SMARTAG2.1.2.0
2025-06-02 15:18:30,319 [WARN] PackLoader:240 - Cannot read IP mode file for STMicroelectronics.FP-SNS-FLIGHT1.5.1.0
2025-06-02 15:18:30,330 [INFO] LogOutputStream:77 - [STDOUT_REDIRECT] 1 : Invalid condition id : UX_CORESTACK_Condition cause : null
2025-06-02 15:18:30,332 [INFO] LogOutputStream:77 - [STDOUT_REDIRECT] 1 : Invalid condition id : UX_CORESTACK_Condition cause : null
2025-06-02 15:18:30,334 [INFO] LogOutputStream:77 - [STDOUT_REDIRECT] 1 : Invalid condition id : UX_CORESTACK_Condition cause : null
2025-06-02 15:18:30,337 [INFO] LogOutputStream:77 - [STDOUT_REDIRECT] 1 : Invalid condition id : UX_CORESTACK_Condition cause : null
2025-06-02 15:18:30,339 [INFO] LogOutputStream:77 - [STDOUT_REDIRECT] 1 : Invalid condition id : UX_CORESTACK_Condition cause : null
2025-06-02 15:18:30,340 [WARN] PackLoader:240 - Cannot read IP mode file for STMicroelectronics.X-CUBE-AZRTOS-WL.2.0.0
2025-06-02 15:18:30,345 [WARN] PackLoader:240 - Cannot read IP mode file for STMicroelectronics.FP-SNS-MOTENV1.5.0.0
2025-06-02 15:18:30,354 [WARN] PackLoader:240 - Cannot read IP mode file for WES.I-CUBE-Cesium.1.3.0
2025-06-02 15:18:30,359 [WARN] PackLoader:240 - Cannot read IP mode file for STMicroelectronics.X-CUBE-BLE2.3.3.0
2025-06-02 15:18:30,371 [WARN] PackLoader:240 - Cannot read IP mode file for STMicroelectronics.X-CUBE-NFC9.1.0.0
2025-06-02 15:18:30,378 [WARN] PackLoader:240 - Cannot read IP mode file for wolfSSL.I-CUBE-wolfSSL.5.8.0
2025-06-02 15:18:30,385 [WARN] PackLoader:240 - Cannot read IP mode file for STMicroelectronics.X-CUBE-BLE1.7.1.0
2025-06-02 15:18:30,392 [WARN] PackLoader:240 - Cannot read IP mode file for wolfSSL.I-CUBE-wolfMQTT.1.19.2
2025-06-02 15:18:30,487 [WARN] PackLoader:240 - Cannot read IP mode file for STMicroelectronics.X-CUBE-MEMS1.11.2.0
2025-06-02 15:18:30,610 [WARN] PackLoader:240 - Cannot read IP mode file for STMicroelectronics.X-CUBE-AZRTOS-G0.1.1.0
2025-06-02 15:18:30,617 [WARN] PackLoader:240 - Cannot read IP mode file for STMicroelectronics.X-CUBE-SAFEA1.1.2.2
2025-06-02 15:18:30,622 [WARN] PackLoader:240 - Cannot read IP mode file for STMicroelectronics.X-CUBE-NFC4.3.0.0
2025-06-02 15:18:30,628 [WARN] PackLoader:240 - Cannot read IP mode file for EmbeddedOffice.I-CUBE-FS-RTOS.1.0.1
2025-06-02 15:18:30,633 [WARN] PackLoader:240 - Cannot read IP mode file for STMicroelectronics.X-CUBE-WB05N.2.0.0
2025-06-02 15:18:30,637 [WARN] PackLoader:240 - Cannot read IP mode file for wolfSSL.I-CUBE-wolfTPM.3.8.0
2025-06-02 15:18:30,641 [WARN] PackLoader:240 - Cannot read IP mode file for STMicroelectronics.X-CUBE-TCPP.4.2.0
2025-06-02 15:18:30,646 [WARN] PackLoader:240 - Cannot read IP mode file for RealThread.X-CUBE-RT-Thread_Nano.4.1.1
2025-06-02 15:18:30,649 [WARN] PackLoader:240 - Cannot read IP mode file for STMicroelectronics.FP-ATR-SIGFOX1.3.2.0
2025-06-02 15:18:30,654 [WARN] PackLoader:240 - Cannot read IP mode file for STMicroelectronics.X-CUBE-EEPRMA1.5.1.0
2025-06-02 15:18:30,658 [WARN] PackLoader:240 - Cannot read IP mode file for ITTIA_DB.I-CUBE-ITTIADB.8.9.0
2025-06-02 15:18:30,673 [WARN] PackLoader:240 - Cannot read IP mode file for SEGGER.I-CUBE-embOS.1.3.1
2025-06-02 15:18:30,704 [WARN] PackLoader:240 - Cannot read IP mode file for STMicroelectronics.X-CUBE-ALGOBUILD.1.4.0
2025-06-02 15:18:30,722 [WARN] PackLoader:240 - Cannot read IP mode file for STMicroelectronics.X-CUBE-AZRTOS-F4.1.1.0
2025-06-02 15:18:30,727 [WARN] PackLoader:240 - Cannot read IP mode file for Avnet-IotConnect.X-CUBE-IoTC-DA16k-PMOD.1.0.0
2025-06-02 15:18:30,730 [WARN] PackLoader:240 - Cannot read IP mode file for STMicroelectronics.X-CUBE-ISPU.2.1.0
2025-06-02 15:18:30,740 [WARN] PackLoader:240 - Cannot read IP mode file for STMicroelectronics.X-CUBE-AZRTOS-L5.2.0.0
2025-06-02 15:18:30,745 [WARN] PackLoader:240 - Cannot read IP mode file for STMicroelectronics.X-CUBE-NFC6.3.1.0
2025-06-02 15:18:30,750 [WARN] PackLoader:240 - Cannot read IP mode file for STMicroelectronics.X-CUBE-FREERTOS.1.3.1
2025-06-02 15:18:30,755 [WARN] PackLoader:240 - Cannot read IP mode file for STMicroelectronics.X-CUBE-DPower.1.3.0
2025-06-02 15:18:30,764 [WARN] ConditionMgr:438 - getConditionDescription Invalid condition id : LAN8742 Phy interface Condition cause : null
2025-06-02 15:18:30,765 [WARN] PackLoader:240 - Cannot read IP mode file for STMicroelectronics.X-CUBE-AZRTOS-L4.2.0.0
2025-06-02 15:18:30,765 [WARN] ConditionMgr:1044 - genDependencies : Invalid condition id : LAN8742 Phy interface Condition cause : null
2025-06-02 15:18:30,765 [WARN] ConditionMgr:1044 - genDependencies : Invalid condition id : LAN8742 Phy interface Condition cause : null
2025-06-02 15:18:30,766 [WARN] ConditionMgr:1044 - genDependencies : Invalid condition id : LAN8742 Phy interface Condition cause : null
2025-06-02 15:18:30,771 [WARN] PackLoader:240 - Cannot read IP mode file for STMicroelectronics.X-CUBE-SFXS2LP1.4.0.0
2025-06-02 15:18:30,782 [WARN] PackLoader:240 - Cannot read IP mode file for STMicroelectronics.X-CUBE-AZRTOS-H7.3.3.0
2025-06-02 15:18:30,790 [WARN] ConditionMgr:438 - getConditionDescription Invalid condition id : UX DEVICE CLASS RTOS Condition cause : null
2025-06-02 15:18:30,791 [WARN] ConditionMgr:438 - getConditionDescription Invalid condition id : UX DEVICE CLASS RTOS Condition cause : null
2025-06-02 15:18:30,791 [WARN] PackLoader:240 - Cannot read IP mode file for STMicroelectronics.X-CUBE-AZRTOS-WB.2.0.0
2025-06-02 15:18:30,792 [WARN] ConditionMgr:1044 - genDependencies : Invalid condition id : UX DEVICE CLASS RTOS Condition cause : null
2025-06-02 15:18:30,792 [WARN] ConditionMgr:1044 - genDependencies : Invalid condition id : UX DEVICE CLASS RTOS Condition cause : null
2025-06-02 15:18:30,792 [WARN] ConditionMgr:1044 - genDependencies : Invalid condition id : UX DEVICE CLASS RTOS Condition cause : null
2025-06-02 15:18:30,792 [WARN] ConditionMgr:1044 - genDependencies : Invalid condition id : UX DEVICE CLASS RTOS Condition cause : null
2025-06-02 15:18:30,792 [WARN] ConditionMgr:1044 - genDependencies : Invalid condition id : UX DEVICE CLASS RTOS Condition cause : null
2025-06-02 15:18:30,796 [WARN] PackLoader:240 - Cannot read IP mode file for STMicroelectronics.X-CUBE-GNSS1.7.0.1
2025-06-02 15:18:30,804 [WARN] PackLoader:240 - Cannot read IP mode file for STMicroelectronics.X-CUBE-TOUCHGFX.4.25.0
2025-06-02 15:18:30,809 [WARN] PackLoader:240 - Cannot read IP mode file for STMicroelectronics.FP-SNS-STBOX1.2.0.0
2025-06-02 15:18:30,817 [WARN] PackLoader:240 - Cannot read IP mode file for STMicroelectronics.X-CUBE-SUBG2.5.0.0
2025-06-02 15:18:30,832 [WARN] PackLoader:240 - Cannot read IP mode file for STMicroelectronics.X-CUBE-AZRTOS-H7RS.1.1.0
2025-06-02 15:18:30,838 [WARN] PackLoader:240 - Cannot read IP mode file for Cesanta.I-CUBE-Mongoose.7.13.0
2025-06-02 15:18:30,846 [WARN] PackLoader:240 - Cannot read IP mode file for STMicroelectronics.X-CUBE-AZRTOS-G4.2.0.0
2025-06-02 15:18:30,852 [WARN] PackLoader:240 - Cannot read IP mode file for wolfSSL.I-CUBE-wolfSSH.1.4.20
2025-06-02 15:18:30,856 [WARN] PackLoader:240 - Cannot read IP mode file for STMicroelectronics.X-CUBE-NFC7.2.0.0
2025-06-02 15:18:30,870 [WARN] PackLoader:240 - Cannot read IP mode file for STMicroelectronics.X-CUBE-IPS.3.1.0
2025-06-02 15:18:30,884 [WARN] PackLoader:240 - Cannot read IP mode file for STMicroelectronics.X-CUBE-ALS.1.0.2
2025-06-02 15:18:30,892 [WARN] PackLoader:240 - Cannot read IP mode file for portGmbH.I-Cube-SoM-uGOAL.1.1.0
2025-06-02 15:18:30,905 [WARN] PackLoader:240 - Cannot read IP mode file for STMicroelectronics.X-CUBE-TOF1.3.4.3
2025-06-02 15:18:30,933 [INFO] ThirdParty:978 - Integrity check success = true
2025-06-02 15:18:30,933 [INFO] IntegrityCheckThread:100 - exiting critical section [integrity check]
2025-06-02 15:18:30,934 [INFO] IntegrityCheckThread:103 - End integrity checks thread
