16:48:28 **** Incremental Build of configuration Debug for project 250630_Mini_Project ****
make -j16 all 
arm-none-eabi-gcc "../Core/ap/src/Presenter.c" -mcpu=cortex-m4 -std=gnu11 -g3 -DDEBUG -DUSE_HAL_DRIVER -DSTM32F411xE -c -I../Core/Inc -I../Drivers/STM32F4xx_HAL_Driver/Inc -I../Drivers/STM32F4xx_HAL_Driver/Inc/Legacy -I../Drivers/CMSIS/Device/ST/STM32F4xx/Include -I../Drivers/CMSIS/Include -I"C:/cubespace/250630_Mini_Project/Core/ap" -I"C:/cubespace/250630_Mini_Project/Core/driver/Button" -I"C:/cubespace/250630_Mini_Project/Core/driver/LedBar" -I"C:/cubespace/250630_Mini_Project/Core/ap/inc" -I"C:/cubespace/250630_Mini_Project/Core/ap/src" -I"C:/cubespace/250630_Mini_Project/Core/driver/LCD" -I"C:/cubespace/250630_Mini_Project/Core/driver/FND" -I"C:/cubespace/250630_Mini_Project/Core/driver/Buzzer" -I"C:/cubespace/250630_Mini_Project/Core/driver/Motor" -I"C:/cubespace/250630_Mini_Project/Core/driver/Ultra" -O0 -ffunction-sections -fdata-sections -Wall -fstack-usage -fcyclomatic-complexity -MMD -MP -MF"Core/ap/src/Presenter.d" -MT"Core/ap/src/Presenter.o" --specs=nano.specs -mfpu=fpv4-sp-d16 -mfloat-abi=hard -mthumb -o "Core/ap/src/Presenter.o"
../Core/ap/src/Presenter.c:46:8: warning: type defaults to 'int' in declaration of 'shown_ing' [-Wimplicit-int]
   46 | static shown_ing  = false;
      |        ^~~~~~~~~
../Core/ap/src/Presenter.c:47:8: warning: type defaults to 'int' in declaration of 'shown_open' [-Wimplicit-int]
   47 | static shown_open = false;
      |        ^~~~~~~~~~
../Core/ap/src/Presenter.c:48:8: warning: type defaults to 'int' in declaration of 'shown_fail' [-Wimplicit-int]
   48 | static shown_fail = false;
      |        ^~~~~~~~~~
../Core/ap/src/Presenter.c: In function 'Presenter_UL_NotDetected':
../Core/ap/src/Presenter.c:91:34: warning: format '%d' expects argument of type 'int', but argument 3 has type 'uint32_t' {aka 'long unsigned int'} [-Wformat=]
   91 |       sprintf(str,"Distance : %03d cm\n", ultraData.ultra_data);
      |                               ~~~^        ~~~~~~~~~~~~~~~~~~~~
      |                                  |                 |
      |                                  int               uint32_t {aka long unsigned int}
      |                               %03ld
../Core/ap/src/Presenter.c: In function 'Presenter_DispMonitorPasswordUart':
../Core/ap/src/Presenter.c:171:19: warning: unused variable 'shown' [-Wunused-variable]
  171 |       static bool shown = false;
      |                   ^~~~~
../Core/ap/src/Presenter.c: In function 'Present_Disp_UART_state_messege':
../Core/ap/src/Presenter.c:238:16: warning: implicit declaration of function 'Sound_PowerOn' [-Wimplicit-function-declaration]
  238 |                Sound_PowerOn();
      |                ^~~~~~~~~~~~~
../Core/ap/src/Presenter.c:249:16: warning: implicit declaration of function 'Sound_PowerOff' [-Wimplicit-function-declaration]
  249 |                Sound_PowerOff();
      |                ^~~~~~~~~~~~~~
../Core/ap/src/Presenter.c: At top level:
../Core/ap/src/Presenter.c:168:6: warning: 'Presenter_DispMonitorPasswordUart' defined but not used [-Wunused-function]
  168 | void Presenter_DispMonitorPasswordUart(const char *uartBuffer)
      |      ^~~~~~~~~~~~~~~~~~~~~~~~~~~~~~~~~
../Core/ap/src/Presenter.c:126:6: warning: 'Presenter_UL_ModeLOGIN' defined but not used [-Wunused-function]
  126 | void Presenter_UL_ModeLOGIN()
      |      ^~~~~~~~~~~~~~~~~~~~~~
../Core/ap/src/Presenter.c:120:6: warning: 'Presenter_UL_ModeWarning' defined but not used [-Wunused-function]
  120 | void Presenter_UL_ModeWarning()
      |      ^~~~~~~~~~~~~~~~~~~~~~~~
../Core/ap/src/Presenter.c:108:6: warning: 'Presenter_UL_LoginLED_ON' defined but not used [-Wunused-function]
  108 | void Presenter_UL_LoginLED_ON()
      |      ^~~~~~~~~~~~~~~~~~~~~~~~
arm-none-eabi-gcc -o "250630_Mini_Project.elf" @"objects.list"   -mcpu=cortex-m4 -T"C:\cubespace\250630_Mini_Project\STM32F411RETX_FLASH.ld" --specs=nosys.specs -Wl,-Map="250630_Mini_Project.map" -Wl,--gc-sections -static --specs=nano.specs -mfpu=fpv4-sp-d16 -mfloat-abi=hard -mthumb -Wl,--start-group -lc -lm -Wl,--end-group
Finished building target: 250630_Mini_Project.elf
 
arm-none-eabi-size  250630_Mini_Project.elf 
arm-none-eabi-objdump -h -S 250630_Mini_Project.elf  > "250630_Mini_Project.list"
   text	   data	    bss	    dec	    hex	filename
  27016	    108	   2468	  29592	   7398	250630_Mini_Project.elf
Finished building: default.size.stdout
 
Finished building: 250630_Mini_Project.list
 
16:48:31 **** Incremental Build of configuration Debug for project 250630_Mini_Project ****
make -j16 all 
arm-none-eabi-size  250630_Mini_Project.elf 
   text	   data	    bss	    dec	    hex	filename
  27016	    108	   2468	  29592	   7398	250630_Mini_Project.elf
Finished building: default.size.stdout
 
16:49:35 **** Incremental Build of configuration Debug for project 250630_Mini_Project ****
make -j16 all 
arm-none-eabi-gcc "../Core/ap/src/Presenter.c" -mcpu=cortex-m4 -std=gnu11 -g3 -DDEBUG -DUSE_HAL_DRIVER -DSTM32F411xE -c -I../Core/Inc -I../Drivers/STM32F4xx_HAL_Driver/Inc -I../Drivers/STM32F4xx_HAL_Driver/Inc/Legacy -I../Drivers/CMSIS/Device/ST/STM32F4xx/Include -I../Drivers/CMSIS/Include -I"C:/cubespace/250630_Mini_Project/Core/ap" -I"C:/cubespace/250630_Mini_Project/Core/driver/Button" -I"C:/cubespace/250630_Mini_Project/Core/driver/LedBar" -I"C:/cubespace/250630_Mini_Project/Core/ap/inc" -I"C:/cubespace/250630_Mini_Project/Core/ap/src" -I"C:/cubespace/250630_Mini_Project/Core/driver/LCD" -I"C:/cubespace/250630_Mini_Project/Core/driver/FND" -I"C:/cubespace/250630_Mini_Project/Core/driver/Buzzer" -I"C:/cubespace/250630_Mini_Project/Core/driver/Motor" -I"C:/cubespace/250630_Mini_Project/Core/driver/Ultra" -O0 -ffunction-sections -fdata-sections -Wall -fstack-usage -fcyclomatic-complexity -MMD -MP -MF"Core/ap/src/Presenter.d" -MT"Core/ap/src/Presenter.o" --specs=nano.specs -mfpu=fpv4-sp-d16 -mfloat-abi=hard -mthumb -o "Core/ap/src/Presenter.o"
../Core/ap/src/Presenter.c:46:8: warning: type defaults to 'int' in declaration of 'shown_ing' [-Wimplicit-int]
   46 | static shown_ing  = false;
      |        ^~~~~~~~~
../Core/ap/src/Presenter.c:47:8: warning: type defaults to 'int' in declaration of 'shown_open' [-Wimplicit-int]
   47 | static shown_open = false;
      |        ^~~~~~~~~~
../Core/ap/src/Presenter.c:48:8: warning: type defaults to 'int' in declaration of 'shown_fail' [-Wimplicit-int]
   48 | static shown_fail = false;
      |        ^~~~~~~~~~
../Core/ap/src/Presenter.c: In function 'Presenter_UL_NotDetected':
../Core/ap/src/Presenter.c:91:34: warning: format '%d' expects argument of type 'int', but argument 3 has type 'uint32_t' {aka 'long unsigned int'} [-Wformat=]
   91 |       sprintf(str,"Distance : %03d cm\n", ultraData.ultra_data);
      |                               ~~~^        ~~~~~~~~~~~~~~~~~~~~
      |                                  |                 |
      |                                  int               uint32_t {aka long unsigned int}
      |                               %03ld
../Core/ap/src/Presenter.c: In function 'Presenter_DispMonitorPasswordUart':
../Core/ap/src/Presenter.c:171:19: warning: unused variable 'shown' [-Wunused-variable]
  171 |       static bool shown = false;
      |                   ^~~~~
../Core/ap/src/Presenter.c: In function 'Present_Disp_UART_state_messege':
../Core/ap/src/Presenter.c:238:16: warning: implicit declaration of function 'Sound_PowerOn' [-Wimplicit-function-declaration]
  238 |                Sound_PowerOn();
      |                ^~~~~~~~~~~~~
../Core/ap/src/Presenter.c:249:16: warning: implicit declaration of function 'Sound_PowerOff' [-Wimplicit-function-declaration]
  249 |                Sound_PowerOff();
      |                ^~~~~~~~~~~~~~
../Core/ap/src/Presenter.c: At top level:
../Core/ap/src/Presenter.c:168:6: warning: 'Presenter_DispMonitorPasswordUart' defined but not used [-Wunused-function]
  168 | void Presenter_DispMonitorPasswordUart(const char *uartBuffer)
      |      ^~~~~~~~~~~~~~~~~~~~~~~~~~~~~~~~~
../Core/ap/src/Presenter.c:120:6: warning: 'Presenter_UL_ModeWarning' defined but not used [-Wunused-function]
  120 | void Presenter_UL_ModeWarning()
      |      ^~~~~~~~~~~~~~~~~~~~~~~~
../Core/ap/src/Presenter.c:108:6: warning: 'Presenter_UL_LoginLED_ON' defined but not used [-Wunused-function]
  108 | void Presenter_UL_LoginLED_ON()
      |      ^~~~~~~~~~~~~~~~~~~~~~~~
arm-none-eabi-gcc -o "250630_Mini_Project.elf" @"objects.list"   -mcpu=cortex-m4 -T"C:\cubespace\250630_Mini_Project\STM32F411RETX_FLASH.ld" --specs=nosys.specs -Wl,-Map="250630_Mini_Project.map" -Wl,--gc-sections -static --specs=nano.specs -mfpu=fpv4-sp-d16 -mfloat-abi=hard -mthumb -Wl,--start-group -lc -lm -Wl,--end-group
Finished building target: 250630_Mini_Project.elf
 
arm-none-eabi-size  250630_Mini_Project.elf 
arm-none-eabi-objdump -h -S 250630_Mini_Project.elf  > "250630_Mini_Project.list"
   text	   data	    bss	    dec	    hex	filename
  27044	    108	   2468	  29620	   73b4	250630_Mini_Project.elf
Finished building: default.size.stdout
 
Finished building: 250630_Mini_Project.list
 
16:50:31 **** Incremental Build of configuration Debug for project 250630_Mini_Project ****
make -j16 all 
arm-none-eabi-gcc "../Core/ap/src/Presenter.c" -mcpu=cortex-m4 -std=gnu11 -g3 -DDEBUG -DUSE_HAL_DRIVER -DSTM32F411xE -c -I../Core/Inc -I../Drivers/STM32F4xx_HAL_Driver/Inc -I../Drivers/STM32F4xx_HAL_Driver/Inc/Legacy -I../Drivers/CMSIS/Device/ST/STM32F4xx/Include -I../Drivers/CMSIS/Include -I"C:/cubespace/250630_Mini_Project/Core/ap" -I"C:/cubespace/250630_Mini_Project/Core/driver/Button" -I"C:/cubespace/250630_Mini_Project/Core/driver/LedBar" -I"C:/cubespace/250630_Mini_Project/Core/ap/inc" -I"C:/cubespace/250630_Mini_Project/Core/ap/src" -I"C:/cubespace/250630_Mini_Project/Core/driver/LCD" -I"C:/cubespace/250630_Mini_Project/Core/driver/FND" -I"C:/cubespace/250630_Mini_Project/Core/driver/Buzzer" -I"C:/cubespace/250630_Mini_Project/Core/driver/Motor" -I"C:/cubespace/250630_Mini_Project/Core/driver/Ultra" -O0 -ffunction-sections -fdata-sections -Wall -fstack-usage -fcyclomatic-complexity -MMD -MP -MF"Core/ap/src/Presenter.d" -MT"Core/ap/src/Presenter.o" --specs=nano.specs -mfpu=fpv4-sp-d16 -mfloat-abi=hard -mthumb -o "Core/ap/src/Presenter.o"
../Core/ap/src/Presenter.c:46:8: warning: type defaults to 'int' in declaration of 'shown_ing' [-Wimplicit-int]
   46 | static shown_ing  = false;
      |        ^~~~~~~~~
../Core/ap/src/Presenter.c:47:8: warning: type defaults to 'int' in declaration of 'shown_open' [-Wimplicit-int]
   47 | static shown_open = false;
      |        ^~~~~~~~~~
../Core/ap/src/Presenter.c:48:8: warning: type defaults to 'int' in declaration of 'shown_fail' [-Wimplicit-int]
   48 | static shown_fail = false;
      |        ^~~~~~~~~~
../Core/ap/src/Presenter.c: In function 'Presenter_UL_NotDetected':
../Core/ap/src/Presenter.c:91:34: warning: format '%d' expects argument of type 'int', but argument 3 has type 'uint32_t' {aka 'long unsigned int'} [-Wformat=]
   91 |       sprintf(str,"Distance : %03d cm\n", ultraData.ultra_data);
      |                               ~~~^        ~~~~~~~~~~~~~~~~~~~~
      |                                  |                 |
      |                                  int               uint32_t {aka long unsigned int}
      |                               %03ld
../Core/ap/src/Presenter.c: In function 'Presenter_DispMonitorPasswordUart':
../Core/ap/src/Presenter.c:170:19: warning: unused variable 'shown' [-Wunused-variable]
  170 |       static bool shown = false;
      |                   ^~~~~
../Core/ap/src/Presenter.c: In function 'Present_Disp_UART_state_messege':
../Core/ap/src/Presenter.c:237:16: warning: implicit declaration of function 'Sound_PowerOn' [-Wimplicit-function-declaration]
  237 |                Sound_PowerOn();
      |                ^~~~~~~~~~~~~
../Core/ap/src/Presenter.c:248:16: warning: implicit declaration of function 'Sound_PowerOff' [-Wimplicit-function-declaration]
  248 |                Sound_PowerOff();
      |                ^~~~~~~~~~~~~~
../Core/ap/src/Presenter.c: At top level:
../Core/ap/src/Presenter.c:167:6: warning: 'Presenter_DispMonitorPasswordUart' defined but not used [-Wunused-function]
  167 | void Presenter_DispMonitorPasswordUart(const char *uartBuffer)
      |      ^~~~~~~~~~~~~~~~~~~~~~~~~~~~~~~~~
../Core/ap/src/Presenter.c:108:6: warning: 'Presenter_UL_LoginLED_ON' defined but not used [-Wunused-function]
  108 | void Presenter_UL_LoginLED_ON()
      |      ^~~~~~~~~~~~~~~~~~~~~~~~
arm-none-eabi-gcc -o "250630_Mini_Project.elf" @"objects.list"   -mcpu=cortex-m4 -T"C:\cubespace\250630_Mini_Project\STM32F411RETX_FLASH.ld" --specs=nosys.specs -Wl,-Map="250630_Mini_Project.map" -Wl,--gc-sections -static --specs=nano.specs -mfpu=fpv4-sp-d16 -mfloat-abi=hard -mthumb -Wl,--start-group -lc -lm -Wl,--end-group
Finished building target: 250630_Mini_Project.elf
 
arm-none-eabi-size  250630_Mini_Project.elf 
arm-none-eabi-objdump -h -S 250630_Mini_Project.elf  > "250630_Mini_Project.list"
   text	   data	    bss	    dec	    hex	filename
  27072	    108	   2468	  29648	   73d0	250630_Mini_Project.elf
Finished building: default.size.stdout
 
Finished building: 250630_Mini_Project.list
 
16:52:43 **** Incremental Build of configuration Debug for project 250630_Mini_Project ****
make -j16 all 
arm-none-eabi-size  250630_Mini_Project.elf 
   text	   data	    bss	    dec	    hex	filename
  27072	    108	   2468	  29648	   73d0	250630_Mini_Project.elf
Finished building: default.size.stdout
 
16:54:07 **** Incremental Build of configuration Debug for project 250630_Mini_Project ****
make -j16 all 
arm-none-eabi-size  250630_Mini_Project.elf 
   text	   data	    bss	    dec	    hex	filename
  27072	    108	   2468	  29648	   73d0	250630_Mini_Project.elf
Finished building: default.size.stdout
 
16:54:14 **** Incremental Build of configuration Debug for project 250630_Mini_Project ****
make -j16 all 
arm-none-eabi-size  250630_Mini_Project.elf 
   text	   data	    bss	    dec	    hex	filename
  27072	    108	   2468	  29648	   73d0	250630_Mini_Project.elf
Finished building: default.size.stdout
 
16:54:36 **** Incremental Build of configuration Debug for project 250630_Mini_Project ****
make -j16 all 
arm-none-eabi-size  250630_Mini_Project.elf 
   text	   data	    bss	    dec	    hex	filename
  27072	    108	   2468	  29648	   73d0	250630_Mini_Project.elf
Finished building: default.size.stdout
 
17:06:53 **** Incremental Build of configuration Debug for project 250630_Mini_Project ****
make -j16 all 
arm-none-eabi-size  250630_Mini_Project.elf 
   text	   data	    bss	    dec	    hex	filename
  27072	    108	   2468	  29648	   73d0	250630_Mini_Project.elf
Finished building: default.size.stdout
 
